MAKE Version 5.2  Copyright (c) 1987, 2000 Borland
utils\misc\hblib.c:
Turbo Incremental Link 5.00 Copyright (c) 1997, 2000 Borland
utils\misc\hbrm.c:
Turbo Incremental Link 5.00 Copyright (c) 1997, 2000 Borland
source\common\hbarch.c:
source\common\hbfopen.c:
source\common\hbfsapi.c:
source\common\hbgete.c:
source\common\hbhash.c:
source\common\hbmem.c:
source\common\hbstr.c:
source\common\hbprintf.c:
source\common\hbtrace.c:
        1 arquivo(s) copiado(s).
obj\b32\hbver.c:
source\common\expropt1.c:
source\common\expropt2.c:
source\common\reserved.c:
source\common\hbdate.c:
source\common\hbwince.c:
TLIB 4.5 Copyright (c) 1987, 1999 Inprise Corporation
lib\b32\common.lib &
+ obj\b32\hbarch.obj &
+ obj\b32\hbfopen.obj &
+ obj\b32\hbfsapi.obj &
+ obj\b32\hbgete.obj &
+ obj\b32\hbhash.obj &
+ obj\b32\hbmem.obj &
+ obj\b32\hbstr.obj &
+ obj\b32\hbprintf.obj &
+ obj\b32\hbtrace.obj &
+ obj\b32\hbver.obj &
+ obj\b32\expropt1.obj &
+ obj\b32\expropt2.obj &
+ obj\b32\reserved.obj &
+ obj\b32\hbdate.obj &
+ obj\b32\hbwince.obj &
+
source\pp\ppgen.c:
Turbo Incremental Link 5.00 Copyright (c) 1997, 2000 Borland
source\pp\pptable.c:
source\pp\ppcore.c:
source\pp\pplib.c:
source\pp\pplib2.c:
source\pp\pplib3.c:
TLIB 4.5 Copyright (c) 1987, 1999 Inprise Corporation
lib\b32\pp.lib &
+ obj\b32\pptable.obj &
+ obj\b32\ppcore.obj &
+ obj\b32\pplib.obj &
+ obj\b32\pplib2.obj &
+ obj\b32\pplib3.obj &
+
source\compiler\harbour.c:
        1 arquivo(s) copiado(s).
obj\b32\comptool.c:
obj\b32\harboury.c:
source\compiler\cmdcheck.c:
source\compiler\hbusage.c:
source\compiler\hbident.c:
source\compiler\hbgenerr.c:
source\compiler\hbpcode.c:
source\compiler\hbdead.c:
source\compiler\hbstripl.c:
source\compiler\hbfix.c:
source\compiler\genc.c:
source\compiler\genhrb.c:
        1 arquivo(s) copiado(s).
obj\b32\expropta.c:
        1 arquivo(s) copiado(s).
obj\b32\exproptb.c:
        1 arquivo(s) copiado(s).
obj\b32\exproptc.c:
source\compiler\hbfunchk.c:
source\compiler\gencc.c:
source\compiler\gencc1.c:
source\compiler\gencobj.c:
source\compiler\hbpcstat.c:
source\compiler\hbdbginf.c:
source\compiler\hblbl.c:
source\compiler\ppcomp.c:
source\compiler\ppword.c:
        1 arquivo(s) copiado(s).
obj\b32\hbslex.c:
source\common\expropt1.c:
source\common\expropt2.c:
source\common\hbstr.c:
source\common\hbgete.c:
source\common\hbdate.c:
source\common\hbhash.c:
source\common\hbfopen.c:
source\common\hbfsapi.c:
source\common\hbmem.c:
source\common\hbprintf.c:
source\common\hbver.c:
source\common\reserved.c:
source\pp\pptable.c:
source\pp\ppcore.c:
TLIB 4.5 Copyright (c) 1987, 1999 Inprise Corporation
lib\b32\compiler.lib &
+ obj\b32\harbour.obj &
+ obj\b32\comptool.obj &
+ obj\b32\harboury.obj &
+ obj\b32\cmdcheck.obj &
+ obj\b32\hbusage.obj &
+ obj\b32\hbident.obj &
+ obj\b32\hbgenerr.obj &
+ obj\b32\hbpcode.obj &
+ obj\b32\hbdead.obj &
+ obj\b32\hbstripl.obj &
+ obj\b32\hbfix.obj &
+ obj\b32\genc.obj &
+ obj\b32\genhrb.obj &
+ obj\b32\expropta.obj &
+ obj\b32\exproptb.obj &
+ obj\b32\exproptc.obj &
+ obj\b32\hbfunchk.obj &
+ obj\b32\gencc.obj &
+ obj\b32\gencc1.obj &
+ obj\b32\gencobj.obj &
+ obj\b32\hbpcstat.obj &
+ obj\b32\hbdbginf.obj &
+ obj\b32\hblbl.obj &
+ obj\b32\ppcomp.obj &
+ obj\b32\ppword.obj &
+ obj\b32\hbslex.obj &
+ obj\b32\harbour_expropt1.obj &
+ obj\b32\harbour_expropt2.obj &
+ obj\b32\harbour_hbstr.obj &
+ obj\b32\harbour_hbgete.obj &
+ obj\b32\harbour_hbdate.obj &
+ obj\b32\harbour_hbhash.obj &
+ obj\b32\harbour_hbfopen.obj &
+ obj\b32\harbour_hbfsapi.obj &
+ obj\b32\harbour_hbmem.obj &
+ obj\b32\harbour_hbprintf.obj &
+ obj\b32\harbour_hbver.obj &
+ obj\b32\harbour_reserved.obj &
+ obj\b32\harbour_pptable.obj &
+ obj\b32\harbour_ppcore.obj &
+
        1 arquivo(s) copiado(s).
obj\b32\hbrc.c:
Turbo Incremental Link 5.00 Copyright (c) 1997, 2000 Borland
source\compiler\hbmain.c:
Borland Resource Compiler  Version 5.40
Copyright (c) 1990, 1999 Inprise Corporation.  All rights reserved.
Turbo Incremental Link 5.00 Copyright (c) 1997, 2000 Borland
source\vm\hvmall.c:
        1 arquivo(s) copiado(s).
obj\b32\cmdarg.c:
source\vm\dbgentry.c:
source\vm\hbi18n.c:
source\vm\inet.c:
source\vm\break.c:
source\vm\initsymb.c:
source\vm\memvclip.c:
source\vm\runner.c:
source\vm\throw.c:
obj\b32\harbinit.c:
obj\b32\errlogmt.c:
obj\b32\lognetmt.c:
obj\b32\trpcvmmt.c:
source\rtl\bkgtsks.c:
source\vm\maindll.c:
source\vm\mainstd.c:
source\vm\mainwin.c:
TLIB 4.5 Copyright (c) 1987, 1999 Inprise Corporation
lib\b32\vm.lib &
+ obj\b32\hvmall.obj &
+ obj\b32\cmdarg.obj &
+ obj\b32\dbgentry.obj &
+ obj\b32\hbi18n.obj &
+ obj\b32\inet.obj &
+ obj\b32\break.obj &
+ obj\b32\initsymb.obj &
+ obj\b32\memvclip.obj &
+ obj\b32\runner.obj &
+ obj\b32\throw.obj &
+ obj\b32\harbinit.obj &
+ obj\b32\errlogmt.obj &
+ obj\b32\lognetmt.obj &
+ obj\b32\trpcvmmt.obj &
+ obj\b32\bkgtsks.obj &
+ obj\b32\maindll.obj &
+ obj\b32\mainstd.obj &
+ obj\b32\mainwin.obj &
+
source\rtl\abs.c:
source\rtl\accept.c:
source\rtl\ampm.c:
source\rtl\at.c:
source\rtl\binnum.c:
source\rtl\binnumx.c:
source\rtl\box.c:
source\rtl\cdpapi.c:
source\rtl\chrasc.c:
source\rtl\chruni.c:
source\rtl\colorind.c:
source\rtl\console.c:
source\rtl\copyfile.c:
source\rtl\datec.c:
source\rtl\dateshb.c:
source\rtl\dbf2txt.c:
source\rtl\defpath.c:
source\rtl\descend.c:
source\rtl\dirdrive.c:
source\rtl\direct.c:
source\rtl\diskspac.c:
source\rtl\disksphb.c:
source\rtl\dllcall.c:
source\rtl\empty.c:
source\rtl\file.c:
source\rtl\filebuf.c:
source\rtl\filehb.c:
source\rtl\filenet.c:
source\rtl\filestat.c:
source\rtl\filesys.c:
source\rtl\fserror.c:
source\rtl\fkmax.c:
source\rtl\fnsplit.c:
source\rtl\fparse.c:
source\rtl\fssize.c:
source\rtl\fstemp.c:
source\rtl\gete.c:
source\rtl\gt.c:
source\rtl\gtapi.c:
source\rtl\gtapiu.c:
source\rtl\gtchrmap.c:
source\rtl\gtclip.c:
source\rtl\gtfunc.c:
source\rtl\gtkeycod.c:
source\rtl\gtkbstat.c:
source\rtl\gttone.c:
source\rtl\gtsys.c:
source\rtl\gx.c:
source\rtl\hardcr.c:
source\rtl\hbbitf.c:
source\rtl\hbchksum.c:
source\rtl\hbcomprs.c:
source\rtl\hbsocket.c:
source\rtl\hbsockhb.c:
source\rtl\hbserv.c:
source\rtl\hbzlibgz.c:
source\rtl\hbcrc32.c:
source\rtl\hbcrypt.c:
source\rtl\hbffind.c:
source\rtl\hbfile.c:
source\rtl\hbgtcore.c:
source\rtl\hbhex2n.c:
source\rtl\hbip.c:
source\rtl\hbjson.c:
source\rtl\hbmd5.c:
source\rtl\hbntos.c:
source\rtl\hboutdbg.c:
source\rtl\hbrandom.c:
source\rtl\hbsrlraw.c:
source\rtl\hbsyslog.c:
source\rtl\hbtoken.c:
source\rtl\hbxml.c:
source\rtl\idle.c:
source\rtl\inkey.c:
source\rtl\inkeyapi.c:
source\rtl\is.c:
source\rtl\isprint.c:
source\rtl\langapi.c:
source\rtl\left.c:
source\rtl\len.c:
source\rtl\lennum.c:
source\rtl\math.c:
source\rtl\maxrow.c:
source\rtl\memofile.c:
source\rtl\minmax.c:
source\rtl\mlcfunc.c:
source\rtl\mod.c:
source\rtl\mouseapi.c:
source\rtl\mousex.c:
source\rtl\mouse53.c:
source\rtl\mtran.c:
source\rtl\natmsg.c:
source\rtl\net.c:
source\rtl\oemansi.c:
source\rtl\oldbox.c:
source\rtl\oldclear.c:
source\rtl\pad.c:
source\rtl\padc.c:
source\rtl\padl.c:
source\rtl\padr.c:
source\rtl\philes.c:
source\rtl\philes53.c:
source\rtl\philesx.c:
source\rtl\rat.c:
source\rtl\readline.c:
source\rtl\replic.c:
source\rtl\right.c:
source\rtl\round.c:
source\rtl\run.c:
source\rtl\samples.c:
source\rtl\saverest.c:
source\rtl\scroll.c:
source\rtl\seconds.c:
source\rtl\session.c:
source\rtl\readexit.c:
source\rtl\readins.c:
source\rtl\regex.c:
source\rtl\setcolor.c:
source\rtl\setcurs.c:
source\rtl\setkey.c:
source\rtl\setpos.c:
source\rtl\setposbs.c:
source\rtl\shadow.c:
source\rtl\soundex.c:
source\rtl\space.c:
source\rtl\spfiles.c:
source\rtl\str.c:
source\rtl\str2ptr.c:
source\rtl\strcase.c:
source\rtl\strdel.c:
source\rtl\strings.c:
source\rtl\strmatch.c:
source\rtl\strpeek.c:
source\rtl\strtran.c:
source\rtl\strzero.c:
source\rtl\stuff.c:
source\rtl\substr.c:
source\rtl\tone.c:
source\rtl\tprinter.c:
source\rtl\trace.c:
source\rtl\transfrm.c:
source\rtl\trim.c:
source\rtl\txtline.c:
source\rtl\type.c:
source\rtl\val.c:
source\rtl\valtostr.c:
source\rtl\valtype.c:
source\rtl\version.c:
source\rtl\word.c:
source\rtl\xhelp.c:
source\rtl\xsavescr.c:
obj\b32\achoice.c:
obj\b32\adir.c:
obj\b32\alert.c:
obj\b32\arrayblk.c:
obj\b32\browdb.c:
obj\b32\browdbx.c:
obj\b32\browse.c:
obj\b32\checkbox.c:
obj\b32\clpclass.c:
obj\b32\color53.c:
obj\b32\cstr.c:
obj\b32\cstruct.c:
obj\b32\dbedit.c:
obj\b32\decode.c:
obj\b32\devoutp.c:
obj\b32\dircmd.c:
obj\b32\dummy.c:
obj\b32\dumpvar.c:
obj\b32\einstvar.c:
source\rtl\error.c:
obj\b32\errorsys.c:
obj\b32\fieldbl.c:
obj\b32\getlist.c:
obj\b32\getsys.c:
obj\b32\hbini.c:
obj\b32\hblog.c:
obj\b32\hblognet.c:
obj\b32\hbserial.c:
obj\b32\input.c:
obj\b32\listbox.c:
obj\b32\memoedit.c:
obj\b32\memvarbl.c:
obj\b32\menuto.c:
obj\b32\mssgline.c:
obj\b32\objfunc.c:
obj\b32\perfuncs.c:
obj\b32\persist.c:
obj\b32\profiler.c:
obj\b32\pushbtn.c:
obj\b32\radiobtn.c:
obj\b32\radiogrp.c:
obj\b32\readkey.c:
obj\b32\readvar.c:
obj\b32\regexrpl.c:
obj\b32\scrollbr.c:
obj\b32\setfunc.c:
obj\b32\setta.c:
obj\b32\sprintf.c:
obj\b32\stream.c:
obj\b32\tbcolumn.c:
obj\b32\tbrowse.c:
obj\b32\tclass.c:
obj\b32\teditor.c:
obj\b32\text.c:
obj\b32\tget.c:
obj\b32\tgetint.c:
obj\b32\tgetlist.c:
obj\b32\tlabel.c:
obj\b32\tmenuitm.c:
obj\b32\tobject.c:
obj\b32\tpopup.c:
obj\b32\traceprg.c:
obj\b32\treport.c:
obj\b32\trpc.c:
obj\b32\trpccli.c:
obj\b32\tscalar.c:
obj\b32\ttable.c:
obj\b32\ttextlin.c:
obj\b32\ttopbar.c:
obj\b32\txml.c:
obj\b32\typefile.c:
obj\b32\wait.c:
obj\b32\win32ole.c:
source\rtl\hbping.c:
source\rtl\hbwinole.c:
obj\b32\win32prn.c:
obj\b32\winos.c:
obj\b32\winreg.c:
source\rtl\sha1.c:
source\rtl\sha1hmac.c:
source\rtl\sha2.c:
source\rtl\sha2hmac.c:
source\rtl\hbsha1.c:
source\rtl\hbsha1hm.c:
source\rtl\hbsha2.c:
source\rtl\hbsha2hm.c:
source\rtl\hbbffnc.c:
source\rtl\hbbfish.c:
source\rtl\hbrand.c:
source\rtl\arc4.c:
source\rtl\hbcom.c:
source\rtl\hbcomhb.c:
TLIB 4.5 Copyright (c) 1987, 1999 Inprise Corporation
lib\b32\rtl.lib &
+ obj\b32\abs.obj &
+ obj\b32\accept.obj &
+ obj\b32\ampm.obj &
+ obj\b32\at.obj &
+ obj\b32\binnum.obj &
+ obj\b32\binnumx.obj &
+ obj\b32\box.obj &
+ obj\b32\cdpapi.obj &
+ obj\b32\chrasc.obj &
+ obj\b32\chruni.obj &
+ obj\b32\colorind.obj &
+ obj\b32\console.obj &
+ obj\b32\copyfile.obj &
+ obj\b32\datec.obj &
+ obj\b32\dateshb.obj &
+ obj\b32\dbf2txt.obj &
+ obj\b32\defpath.obj &
+ obj\b32\descend.obj &
+ obj\b32\dirdrive.obj &
+ obj\b32\direct.obj &
+ obj\b32\diskspac.obj &
+ obj\b32\disksphb.obj &
+ obj\b32\dllcall.obj &
+ obj\b32\empty.obj &
+ obj\b32\file.obj &
+ obj\b32\filebuf.obj &
+ obj\b32\filehb.obj &
+ obj\b32\filenet.obj &
+ obj\b32\filestat.obj &
+ obj\b32\filesys.obj &
+ obj\b32\fserror.obj &
+ obj\b32\fkmax.obj &
+ obj\b32\fnsplit.obj &
+ obj\b32\fparse.obj &
+ obj\b32\fssize.obj &
+ obj\b32\fstemp.obj &
+ obj\b32\gete.obj &
+ obj\b32\gt.obj &
+ obj\b32\gtapi.obj &
+ obj\b32\gtapiu.obj &
+ obj\b32\gtchrmap.obj &
+ obj\b32\gtclip.obj &
+ obj\b32\gtfunc.obj &
+ obj\b32\gtkeycod.obj &
+ obj\b32\gtkbstat.obj &
+ obj\b32\gttone.obj &
+ obj\b32\gtsys.obj &
+ obj\b32\gx.obj &
+ obj\b32\hardcr.obj &
+ obj\b32\hbbitf.obj &
+ obj\b32\hbchksum.obj &
+ obj\b32\hbcomprs.obj &
+ obj\b32\hbsocket.obj &
+ obj\b32\hbsockhb.obj &
+ obj\b32\hbserv.obj &
+ obj\b32\hbzlibgz.obj &
+ obj\b32\hbcrc32.obj &
+ obj\b32\hbcrypt.obj &
+ obj\b32\hbffind.obj &
+ obj\b32\hbfile.obj &
+ obj\b32\hbgtcore.obj &
+ obj\b32\hbhex2n.obj &
+ obj\b32\hbip.obj &
+ obj\b32\hbjson.obj &
+ obj\b32\hbmd5.obj &
+ obj\b32\hbntos.obj &
+ obj\b32\hboutdbg.obj &
+ obj\b32\hbrandom.obj &
+ obj\b32\hbsrlraw.obj &
+ obj\b32\hbsyslog.obj &
+ obj\b32\hbtoken.obj &
+ obj\b32\hbxml.obj &
+ obj\b32\idle.obj &
+ obj\b32\inkey.obj &
+ obj\b32\inkeyapi.obj &
+ obj\b32\is.obj &
+ obj\b32\isprint.obj &
+ obj\b32\langapi.obj &
+ obj\b32\left.obj &
+ obj\b32\len.obj &
+ obj\b32\lennum.obj &
+ obj\b32\math.obj &
+ obj\b32\maxrow.obj &
+ obj\b32\memofile.obj &
+ obj\b32\minmax.obj &
+ obj\b32\mlcfunc.obj &
+ obj\b32\mod.obj &
+ obj\b32\mouseapi.obj &
+ obj\b32\mousex.obj &
+ obj\b32\mouse53.obj &
+ obj\b32\mtran.obj &
+ obj\b32\natmsg.obj &
+ obj\b32\net.obj &
+ obj\b32\oemansi.obj &
+ obj\b32\oldbox.obj &
+ obj\b32\oldclear.obj &
+ obj\b32\pad.obj &
+ obj\b32\padc.obj &
+ obj\b32\padl.obj &
+ obj\b32\padr.obj &
+ obj\b32\philes.obj &
+ obj\b32\philes53.obj &
+ obj\b32\philesx.obj &
+ obj\b32\rat.obj &
+ obj\b32\readline.obj &
+ obj\b32\replic.obj &
+ obj\b32\right.obj &
+ obj\b32\round.obj &
+ obj\b32\run.obj &
+ obj\b32\samples.obj &
+ obj\b32\saverest.obj &
+ obj\b32\scroll.obj &
+ obj\b32\seconds.obj &
+ obj\b32\session.obj &
+ obj\b32\readexit.obj &
+ obj\b32\readins.obj &
+ obj\b32\regex.obj &
+ obj\b32\setcolor.obj &
+ obj\b32\setcurs.obj &
+ obj\b32\setkey.obj &
+ obj\b32\setpos.obj &
+ obj\b32\setposbs.obj &
+ obj\b32\shadow.obj &
+ obj\b32\soundex.obj &
+ obj\b32\space.obj &
+ obj\b32\spfiles.obj &
+ obj\b32\str.obj &
+ obj\b32\str2ptr.obj &
+ obj\b32\strcase.obj &
+ obj\b32\strdel.obj &
+ obj\b32\strings.obj &
+ obj\b32\strmatch.obj &
+ obj\b32\strpeek.obj &
+ obj\b32\strtran.obj &
+ obj\b32\strzero.obj &
+ obj\b32\stuff.obj &
+ obj\b32\substr.obj &
+ obj\b32\tone.obj &
+ obj\b32\tprinter.obj &
+ obj\b32\trace.obj &
+ obj\b32\transfrm.obj &
+ obj\b32\trim.obj &
+ obj\b32\txtline.obj &
+ obj\b32\type.obj &
+ obj\b32\val.obj &
+ obj\b32\valtostr.obj &
+ obj\b32\valtype.obj &
+ obj\b32\version.obj &
+ obj\b32\word.obj &
+ obj\b32\xhelp.obj &
+ obj\b32\xsavescr.obj &
+ obj\b32\achoice.obj &
+ obj\b32\adir.obj &
+ obj\b32\alert.obj &
+ obj\b32\arrayblk.obj &
+ obj\b32\browdb.obj &
+ obj\b32\browdbx.obj &
+ obj\b32\browse.obj &
+ obj\b32\checkbox.obj &
+ obj\b32\clpclass.obj &
+ obj\b32\color53.obj &
+ obj\b32\cstr.obj &
+ obj\b32\cstruct.obj &
+ obj\b32\dbedit.obj &
+ obj\b32\decode.obj &
+ obj\b32\devoutp.obj &
+ obj\b32\dircmd.obj &
+ obj\b32\dummy.obj &
+ obj\b32\dumpvar.obj &
+ obj\b32\einstvar.obj &
+ obj\b32\error.obj &
+ obj\b32\errorsys.obj &
+ obj\b32\fieldbl.obj &
+ obj\b32\getlist.obj &
+ obj\b32\getsys.obj &
+ obj\b32\hbini.obj &
+ obj\b32\hblog.obj &
+ obj\b32\hblognet.obj &
+ obj\b32\hbserial.obj &
+ obj\b32\input.obj &
+ obj\b32\listbox.obj &
+ obj\b32\memoedit.obj &
+ obj\b32\memvarbl.obj &
+ obj\b32\menuto.obj &
+ obj\b32\mssgline.obj &
+ obj\b32\objfunc.obj &
+ obj\b32\perfuncs.obj &
+ obj\b32\persist.obj &
+ obj\b32\profiler.obj &
+ obj\b32\pushbtn.obj &
+ obj\b32\radiobtn.obj &
+ obj\b32\radiogrp.obj &
+ obj\b32\readkey.obj &
+ obj\b32\readvar.obj &
+ obj\b32\regexrpl.obj &
+ obj\b32\scrollbr.obj &
+ obj\b32\setfunc.obj &
+ obj\b32\setta.obj &
+ obj\b32\sprintf.obj &
+ obj\b32\stream.obj &
+ obj\b32\tbcolumn.obj &
+ obj\b32\tbrowse.obj &
+ obj\b32\tclass.obj &
+ obj\b32\teditor.obj &
+ obj\b32\text.obj &
+ obj\b32\tget.obj &
+ obj\b32\tgetint.obj &
+ obj\b32\tgetlist.obj &
+ obj\b32\tlabel.obj &
+ obj\b32\tmenuitm.obj &
+ obj\b32\tobject.obj &
+ obj\b32\tpopup.obj &
+ obj\b32\traceprg.obj &
+ obj\b32\treport.obj &
+ obj\b32\trpc.obj &
+ obj\b32\trpccli.obj &
+ obj\b32\tscalar.obj &
+ obj\b32\ttable.obj &
+ obj\b32\ttextlin.obj &
+ obj\b32\ttopbar.obj &
+ obj\b32\txml.obj &
+ obj\b32\typefile.obj &
+ obj\b32\wait.obj &
+ obj\b32\win32ole.obj &
+ obj\b32\hbping.obj &
+ obj\b32\hbwinole.obj &
+ obj\b32\win32prn.obj &
+ obj\b32\winos.obj &
+ obj\b32\winreg.obj &
+ obj\b32\sha1.obj &
+ obj\b32\sha1hmac.obj &
+ obj\b32\sha2.obj &
+ obj\b32\sha2hmac.obj &
+ obj\b32\hbsha1.obj &
+ obj\b32\hbsha1hm.obj &
+ obj\b32\hbsha2.obj &
+ obj\b32\hbsha2hm.obj &
+ obj\b32\hbbffnc.obj &
+ obj\b32\hbbfish.obj &
+ obj\b32\hbrand.obj &
+ obj\b32\arc4.obj &
+ obj\b32\hbcom.obj &
+ obj\b32\hbcomhb.obj &
+
obj\b32\macroy.c:
        1 arquivo(s) copiado(s).
obj\b32\macroa.c:
        1 arquivo(s) copiado(s).
obj\b32\macrob.c:
        1 arquivo(s) copiado(s).
obj\b32\macroc.c:
        1 arquivo(s) copiado(s).
obj\b32\macroslx.c:
TLIB 4.5 Copyright (c) 1987, 1999 Inprise Corporation
lib\b32\macro.lib &
+ obj\b32\macroy.obj &
+ obj\b32\macroa.obj &
+ obj\b32\macrob.obj &
+ obj\b32\macroc.obj &
+ obj\b32\macroslx.obj &
+
source\rdd\dbcmd.c:
source\rdd\dbcmd53.c:
source\rdd\dbcmdx.c:
source\rdd\dbcmdhb.c:
source\rdd\dbdrop.c:
source\rdd\dbexists.c:
source\rdd\dbrename.c:
source\rdd\fieldhb.c:
source\rdd\rddinfo.c:
source\rdd\workarea.c:
source\rdd\wacore.c:
source\rdd\wafunc.c:
source\rdd\dbf1.c:
source\rdd\dbf1net.c:
source\rdd\dbnubs.c:
source\rdd\delim1.c:
source\rdd\sdf1.c:
obj\b32\dbdelim.c:
obj\b32\dbfuncs.c:
obj\b32\dbfuncsx.c:
obj\b32\dbjoin.c:
obj\b32\dbjoinx.c:
obj\b32\dbsdf.c:
obj\b32\dbtotal.c:
obj\b32\dbtotalx.c:
obj\b32\dblist.c:
obj\b32\dblistx.c:
obj\b32\dbsort.c:
obj\b32\dbsortx.c:
source\rdd\hbdbsort.c:
obj\b32\dbstrux.c:
obj\b32\dbstruxx.c:
obj\b32\dbstruxu.c:
obj\b32\dbupdat.c:
obj\b32\dbupdatx.c:
obj\b32\rddord.c:
obj\b32\rddordu.c:
obj\b32\rddsys.c:
TLIB 4.5 Copyright (c) 1987, 1999 Inprise Corporation
lib\b32\rdd.lib &
+ obj\b32\dbcmd.obj &
+ obj\b32\dbcmd53.obj &
+ obj\b32\dbcmdx.obj &
+ obj\b32\dbcmdhb.obj &
+ obj\b32\dbdrop.obj &
+ obj\b32\dbexists.obj &
+ obj\b32\dbrename.obj &
+ obj\b32\fieldhb.obj &
+ obj\b32\rddinfo.obj &
+ obj\b32\workarea.obj &
+ obj\b32\wacore.obj &
+ obj\b32\wafunc.obj &
+ obj\b32\dbf1.obj &
+ obj\b32\dbf1net.obj &
+ obj\b32\dbnubs.obj &
+ obj\b32\delim1.obj &
+ obj\b32\sdf1.obj &
+ obj\b32\dbdelim.obj &
+ obj\b32\dbfuncs.obj &
+ obj\b32\dbfuncsx.obj &
+ obj\b32\dbjoin.obj &
+ obj\b32\dbjoinx.obj &
+ obj\b32\dbsdf.obj &
+ obj\b32\dbtotal.obj &
+ obj\b32\dbtotalx.obj &
+ obj\b32\dblist.obj &
+ obj\b32\dblistx.obj &
+ obj\b32\dbsort.obj &
+ obj\b32\dbsortx.obj &
+ obj\b32\hbdbsort.obj &
+ obj\b32\dbstrux.obj &
+ obj\b32\dbstruxx.obj &
+ obj\b32\dbstruxu.obj &
+ obj\b32\dbupdat.obj &
+ obj\b32\dbupdatx.obj &
+ obj\b32\rddord.obj &
+ obj\b32\rddordu.obj &
+ obj\b32\rddsys.obj &
+
source\tip\base64x.c:
source\tip\utils.c:
obj\b32\client.c:
obj\b32\credent.c:
obj\b32\encb64.c:
obj\b32\encoder.c:
obj\b32\encqp.c:
obj\b32\encurl.c:
obj\b32\ftpcln.c:
obj\b32\httpcln.c:
obj\b32\mail.c:
obj\b32\popcln.c:
obj\b32\smtpcln.c:
obj\b32\thtml.c:
obj\b32\sendmail.c:
obj\b32\url.c:
TLIB 4.5 Copyright (c) 1987, 1999 Inprise Corporation
lib\b32\tip.lib &
+ obj\b32\base64x.obj &
+ obj\b32\utils.obj &
+ obj\b32\client.obj &
+ obj\b32\credent.obj &
+ obj\b32\encb64.obj &
+ obj\b32\encoder.obj &
+ obj\b32\encqp.obj &
+ obj\b32\encurl.obj &
+ obj\b32\ftpcln.obj &
+ obj\b32\httpcln.obj &
+ obj\b32\mail.obj &
+ obj\b32\popcln.obj &
+ obj\b32\smtpcln.obj &
+ obj\b32\thtml.obj &
+ obj\b32\sendmail.obj &
+ obj\b32\url.obj &
+
source\rdd\dbffpt\dbffpt1.c:
TLIB 4.5 Copyright (c) 1987, 1999 Inprise Corporation
lib\b32\dbffpt.lib &
+ obj\b32\dbffpt1.obj &
+
source\rdd\dbffpt\redbffpt1.c:
TLIB 4.5 Copyright (c) 1987, 1999 Inprise Corporation
lib\b32\redbffpt.lib &
+ obj\b32\redbffpt1.obj &
+
source\rdd\dbfntx\dbfntx1.c:
TLIB 4.5 Copyright (c) 1987, 1999 Inprise Corporation
lib\b32\dbfntx.lib &
+ obj\b32\dbfntx1.obj &
+
source\rdd\dbfnsx\dbfnsx1.c:
TLIB 4.5 Copyright (c) 1987, 1999 Inprise Corporation
lib\b32\dbfnsx.lib &
+ obj\b32\dbfnsx1.obj &
+
source\rdd\dbfcdx\dbfcdx1.c:
TLIB 4.5 Copyright (c) 1987, 1999 Inprise Corporation
lib\b32\dbfcdx.lib &
+ obj\b32\dbfcdx1.obj &
+
source\rdd\dbfmdx\dbfmdx1.c:
TLIB 4.5 Copyright (c) 1987, 1999 Inprise Corporation
lib\b32\dbfmdx.lib &
+ obj\b32\dbfmdx1.obj &
+
source\rdd\bmdbfcdx\bmdbfcdx1.c:
TLIB 4.5 Copyright (c) 1987, 1999 Inprise Corporation
lib\b32\bmdbfcdx.lib &
+ obj\b32\bmdbfcdx1.obj &
+
source\rdd\bmdbfcdx\redbfcdx1.c:
TLIB 4.5 Copyright (c) 1987, 1999 Inprise Corporation
lib\b32\redbfcdx.lib &
+ obj\b32\redbfcdx1.obj &
+
source\rdd\dbfcdx\sixcdx1.c:
TLIB 4.5 Copyright (c) 1987, 1999 Inprise Corporation
lib\b32\sixcdx.lib &
+ obj\b32\sixcdx1.obj &
+
source\rdd\bmdbfcdx\bmsixcdx1.c:
TLIB 4.5 Copyright (c) 1987, 1999 Inprise Corporation
lib\b32\bmsixcdx.lib &
+ obj\b32\bmsixcdx1.obj &
+
source\rdd\hbsix\sxcompr.c:
source\rdd\hbsix\sxcrypt.c:
source\rdd\hbsix\sxdate.c:
source\rdd\hbsix\sxsem.c:
source\rdd\hbsix\sxfname.c:
source\rdd\hbsix\sxtable.c:
source\rdd\hbsix\sxord.c:
source\rdd\hbsix\sxutil.c:
source\rdd\hbsix\sxredir.c:
obj\b32\sxcompat.c:
obj\b32\sxini.c:
obj\b32\sxtrig.c:
TLIB 4.5 Copyright (c) 1987, 1999 Inprise Corporation
lib\b32\hbsix.lib &
+ obj\b32\sxcompr.obj &
+ obj\b32\sxcrypt.obj &
+ obj\b32\sxdate.obj &
+ obj\b32\sxsem.obj &
+ obj\b32\sxfname.obj &
+ obj\b32\sxtable.obj &
+ obj\b32\sxord.obj &
+ obj\b32\sxutil.obj &
+ obj\b32\sxredir.obj &
+ obj\b32\sxcompat.obj &
+ obj\b32\sxini.obj &
+ obj\b32\sxtrig.obj &
+
source\rdd\hsx\hsx.c:
source\rdd\hsx\cftsfunc.c:
TLIB 4.5 Copyright (c) 1987, 1999 Inprise Corporation
lib\b32\hsx.lib &
+ obj\b32\hsx.obj &
+ obj\b32\cftsfunc.obj &
+
source\rdd\usrrdd\usrrdd.c:
TLIB 4.5 Copyright (c) 1987, 1999 Inprise Corporation
lib\b32\usrrdd.lib &
+ obj\b32\usrrdd.obj &
+
obj\b32\arrayrdd.c:
obj\b32\logrdd.c:
obj\b32\dbtcdx.c:
obj\b32\fcomma.c:
obj\b32\fptcdx.c:
obj\b32\hscdx.c:
obj\b32\rlcdx.c:
obj\b32\smtcdx.c:
obj\b32\adordd.c:
obj\b32\ansirdd.c:
obj\b32\vfpcdx.c:
TLIB 4.5 Copyright (c) 1987, 1999 Inprise Corporation
lib\b32\rdds.lib &
+ obj\b32\arrayrdd.obj &
+ obj\b32\logrdd.obj &
+ obj\b32\dbtcdx.obj &
+ obj\b32\fcomma.obj &
+ obj\b32\fptcdx.obj &
+ obj\b32\hscdx.obj &
+ obj\b32\rlcdx.obj &
+ obj\b32\smtcdx.obj &
+ obj\b32\adordd.obj &
+ obj\b32\ansirdd.obj &
+ obj\b32\vfpcdx.obj &
+
source\ct\addascii.c:
source\ct\asciisum.c:
source\ct\ascpos.c:
source\ct\atadjust.c:
source\ct\atnum.c:
source\ct\atrepl.c:
source\ct\blank.c:
source\ct\bit1.c:
source\ct\bit2.c:
source\ct\bit3.c:
source\ct\charevod.c:
source\ct\charlist.c:
source\ct\charmirr.c:
source\ct\charmix.c:
source\ct\charone.c:
source\ct\charonly.c:
source\ct\charop.c:
source\ct\charrepl.c:
source\ct\charsort.c:
source\ct\charswap.c:
source\ct\count.c:
source\ct\ctc.c:
source\ct\ctchksum.c:
source\ct\ctcrypt.c:
source\ct\ctmath.c:
source\ct\ctmath2.c:
source\ct\ctnet.c:
source\ct\ctpad.c:
source\ct\ctset.c:
source\ct\ctstr.c:
source\ct\ctwfunc.c:
source\ct\ctwin.c:
source\ct\cursor.c:
source\ct\datetime.c:
source\ct\dattime2.c:
source\ct\dbftools.c:
source\ct\disk.c:
source\ct\envparam.c:
source\ct\exponent.c:
source\ct\files.c:
source\ct\finan.c:
source\ct\ftoc.c:
source\ct\intneg.c:
source\ct\justify.c:
source\ct\keyset.c:
source\ct\lton.c:
source\ct\maxline.c:
source\ct\misc1.c:
source\ct\misc2.c:
source\ct\misc3.c:
source\ct\num1.c:
source\ct\numat.c:
source\ct\numcount.c:
source\ct\numline.c:
source\ct\numlohi.c:
source\ct\pack.c:
source\ct\pos1.c:
source\ct\pos2.c:
source\ct\posdiff.c:
source\ct\print.c:
source\ct\range.c:
source\ct\relation.c:
source\ct\remove.c:
source\ct\replace.c:
source\ct\screen1.c:
source\ct\settime.c:
source\ct\setlast.c:
source\ct\strdiff.c:
source\ct\strfile.c:
source\ct\strswap.c:
source\ct\tab.c:
source\ct\token1.c:
source\ct\token2.c:
source\ct\trig.c:
source\ct\wordrepl.c:
source\ct\wordtoch.c:
obj\b32\color.c:
obj\b32\ct.c:
obj\b32\ctmisc.c:
obj\b32\ctrand.c:
source\ct\dattime3.c:
obj\b32\diskutil.c:
obj\b32\fcopy.c:
obj\b32\getinfo.c:
obj\b32\getsecrt.c:
obj\b32\keysec.c:
obj\b32\keytime.c:
obj\b32\like.c:
obj\b32\numconv.c:
source\ct\screen2.c:
obj\b32\screen3.c:
obj\b32\setkeys.c:
obj\b32\scrmark.c:
obj\b32\showtime.c:
obj\b32\spread.c:
obj\b32\trapkey.c:
obj\b32\cttime.c:
obj\b32\util.c:
TLIB 4.5 Copyright (c) 1987, 1999 Inprise Corporation
lib\b32\ct.lib &
+ obj\b32\addascii.obj &
+ obj\b32\asciisum.obj &
+ obj\b32\ascpos.obj &
+ obj\b32\atadjust.obj &
+ obj\b32\atnum.obj &
+ obj\b32\atrepl.obj &
+ obj\b32\blank.obj &
+ obj\b32\bit1.obj &
+ obj\b32\bit2.obj &
+ obj\b32\bit3.obj &
+ obj\b32\charevod.obj &
+ obj\b32\charlist.obj &
+ obj\b32\charmirr.obj &
+ obj\b32\charmix.obj &
+ obj\b32\charone.obj &
+ obj\b32\charonly.obj &
+ obj\b32\charop.obj &
+ obj\b32\charrepl.obj &
+ obj\b32\charsort.obj &
+ obj\b32\charswap.obj &
+ obj\b32\count.obj &
+ obj\b32\ctc.obj &
+ obj\b32\ctchksum.obj &
+ obj\b32\ctcrypt.obj &
+ obj\b32\ctmath.obj &
+ obj\b32\ctmath2.obj &
+ obj\b32\ctnet.obj &
+ obj\b32\ctpad.obj &
+ obj\b32\ctset.obj &
+ obj\b32\ctstr.obj &
+ obj\b32\ctwfunc.obj &
+ obj\b32\ctwin.obj &
+ obj\b32\cursor.obj &
+ obj\b32\datetime.obj &
+ obj\b32\dattime2.obj &
+ obj\b32\dbftools.obj &
+ obj\b32\disk.obj &
+ obj\b32\envparam.obj &
+ obj\b32\exponent.obj &
+ obj\b32\files.obj &
+ obj\b32\finan.obj &
+ obj\b32\ftoc.obj &
+ obj\b32\intneg.obj &
+ obj\b32\justify.obj &
+ obj\b32\keyset.obj &
+ obj\b32\lton.obj &
+ obj\b32\maxline.obj &
+ obj\b32\misc1.obj &
+ obj\b32\misc2.obj &
+ obj\b32\misc3.obj &
+ obj\b32\num1.obj &
+ obj\b32\numat.obj &
+ obj\b32\numcount.obj &
+ obj\b32\numline.obj &
+ obj\b32\numlohi.obj &
+ obj\b32\pack.obj &
+ obj\b32\pos1.obj &
+ obj\b32\pos2.obj &
+ obj\b32\posdiff.obj &
+ obj\b32\print.obj &
+ obj\b32\range.obj &
+ obj\b32\relation.obj &
+ obj\b32\remove.obj &
+ obj\b32\replace.obj &
+ obj\b32\screen1.obj &
+ obj\b32\settime.obj &
+ obj\b32\setlast.obj &
+ obj\b32\strdiff.obj &
+ obj\b32\strfile.obj &
+ obj\b32\strswap.obj &
+ obj\b32\tab.obj &
+ obj\b32\token1.obj &
+ obj\b32\token2.obj &
+ obj\b32\trig.obj &
+ obj\b32\wordrepl.obj &
+ obj\b32\wordtoch.obj &
+ obj\b32\color.obj &
+ obj\b32\ct.obj &
+ obj\b32\ctmisc.obj &
+ obj\b32\ctrand.obj &
+ obj\b32\dattime3.obj &
+ obj\b32\diskutil.obj &
+ obj\b32\fcopy.obj &
+ obj\b32\getinfo.obj &
+ obj\b32\getsecrt.obj &
+ obj\b32\keysec.obj &
+ obj\b32\keytime.obj &
+ obj\b32\like.obj &
+ obj\b32\numconv.obj &
+ obj\b32\screen2.obj &
+ obj\b32\screen3.obj &
+ obj\b32\setkeys.obj &
+ obj\b32\scrmark.obj &
+ obj\b32\showtime.obj &
+ obj\b32\spread.obj &
+ obj\b32\trapkey.obj &
+ obj\b32\cttime.obj &
+ obj\b32\util.obj &
+
source\rtl\pcre\pcre_byte_order.c:
source\rtl\pcre\pcre_chartables.c:
source\rtl\pcre\pcre_compile.c:
source\rtl\pcre\pcre_config.c:
source\rtl\pcre\pcre_dfa_exec.c:
source\rtl\pcre\pcre_exec.c:
source\rtl\pcre\pcre_fullinfo.c:
source\rtl\pcre\pcre_get.c:
source\rtl\pcre\pcre_globals.c:
source\rtl\pcre\pcre_maketables.c:
source\rtl\pcre\pcre_newline.c:
source\rtl\pcre\pcre_ord2utf8.c:
source\rtl\pcre\pcre_refcount.c:
source\rtl\pcre\pcre_study.c:
source\rtl\pcre\pcre_tables.c:
source\rtl\pcre\pcre_valid_utf8.c:
source\rtl\pcre\pcre_version.c:
source\rtl\pcre\pcre_ucd.c:
source\rtl\pcre\pcre_xclass.c:
source\rtl\pcre\pcreposix.c:
TLIB 4.5 Copyright (c) 1987, 1999 Inprise Corporation
lib\b32\pcrepos.lib &
+ obj\b32\pcre_byte_order.obj &
+ obj\b32\pcre_chartables.obj &
+ obj\b32\pcre_compile.obj &
+ obj\b32\pcre_config.obj &
+ obj\b32\pcre_dfa_exec.obj &
+ obj\b32\pcre_exec.obj &
+ obj\b32\pcre_fullinfo.obj &
+ obj\b32\pcre_get.obj &
+ obj\b32\pcre_globals.obj &
+ obj\b32\pcre_maketables.obj &
+ obj\b32\pcre_newline.obj &
+ obj\b32\pcre_ord2utf8.obj &
+ obj\b32\pcre_refcount.obj &
+ obj\b32\pcre_study.obj &
+ obj\b32\pcre_tables.obj &
+ obj\b32\pcre_valid_utf8.obj &
+ obj\b32\pcre_version.obj &
+ obj\b32\pcre_ucd.obj &
+ obj\b32\pcre_xclass.obj &
+ obj\b32\pcreposix.obj &
+
source\rtl\gtcgi\gtcgi.c:
TLIB 4.5 Copyright (c) 1987, 1999 Inprise Corporation
lib\b32\gtcgi.lib &
+ obj\b32\gtcgi.obj &
+
source\rtl\gtpca\gtpca.c:
TLIB 4.5 Copyright (c) 1987, 1999 Inprise Corporation
lib\b32\gtpca.lib &
+ obj\b32\gtpca.obj &
+
source\rtl\gtstd\gtstd.c:
TLIB 4.5 Copyright (c) 1987, 1999 Inprise Corporation
lib\b32\gtstd.lib &
+ obj\b32\gtstd.obj &
+
source\rtl\gtwin\gtwin.c:
TLIB 4.5 Copyright (c) 1987, 1999 Inprise Corporation
lib\b32\gtwin.lib &
+ obj\b32\gtwin.obj &
+
source\rtl\gtwvt\gtwvt.c:
TLIB 4.5 Copyright (c) 1987, 1999 Inprise Corporation
lib\b32\gtwvt.lib &
+ obj\b32\gtwvt.obj &
+
source\rtl\gtgui\gtgui.c:
source\rtl\gtgui\gtdef.c:
TLIB 4.5 Copyright (c) 1987, 1999 Inprise Corporation
lib\b32\gtgui.lib &
+ obj\b32\gtgui.obj &
+ obj\b32\gtdef.obj &
+
obj\b32\dbgmenu.c:
obj\b32\dbgtmenu.c:
obj\b32\dbgtmitm.c:
obj\b32\dbgtwin.c:
obj\b32\debugger.c:
obj\b32\dbghelp.c:
obj\b32\dbgtarr.c:
obj\b32\dbgthsh.c:
obj\b32\dbgtobj.c:
obj\b32\tbrwtext.c:
obj\b32\dbgaltd.c:
obj\b32\dbgwa.c:
obj\b32\dbgbrwsr.c:
TLIB 4.5 Copyright (c) 1987, 1999 Inprise Corporation
lib\b32\debug.lib &
+ obj\b32\dbgmenu.obj &
+ obj\b32\dbgtmenu.obj &
+ obj\b32\dbgtmitm.obj &
+ obj\b32\dbgtwin.obj &
+ obj\b32\debugger.obj &
+ obj\b32\dbghelp.obj &
+ obj\b32\dbgtarr.obj &
+ obj\b32\dbgthsh.obj &
+ obj\b32\dbgtobj.obj &
+ obj\b32\tbrwtext.obj &
+ obj\b32\dbgaltd.obj &
+ obj\b32\dbgwa.obj &
+ obj\b32\dbgbrwsr.obj &
+
source\lang\msgbgmik.c:
source\lang\msgbgwin.c:
source\lang\msgby866.c:
source\lang\msgbywin.c:
source\lang\msgca.c:
source\lang\msgcs852.c:
source\lang\msgcsiso.c:
source\lang\msgcskam.c:
source\lang\msgcswin.c:
source\lang\msgde.c:
source\lang\msgdewin.c:
source\lang\msgen.c:
source\lang\msgeo.c:
source\lang\msges.c:
source\lang\msgeswin.c:
source\lang\msgeu.c:
source\lang\msgfr.c:
source\lang\msggl.c:
source\lang\msghe862.c:
source\lang\msghewin.c:
source\lang\msghr1250.c:
source\lang\msghr437.c:
source\lang\msghr852.c:
source\lang\msghriso.c:
source\lang\msghu852.c:
source\lang\msghucwi.c:
source\lang\msghuwin.c:
source\lang\msgid.c:
source\lang\msgis850.c:
source\lang\msgit.c:
source\lang\msgko.c:
source\lang\msgltwin.c:
source\lang\msgnl.c:
source\lang\msgpl852.c:
source\lang\msgpliso.c:
source\lang\msgplmaz.c:
source\lang\msgplwin.c:
source\lang\msgpt.c:
source\lang\msgro.c:
source\lang\msgru866.c:
source\lang\msgrukoi.c:
source\lang\msgruwin.c:
source\lang\msgsl852.c:
source\lang\msgsliso.c:
source\lang\msgslwin.c:
source\lang\msgsr852.c:
source\lang\msgsriso.c:
source\lang\msgsrwin.c:
source\lang\msgsv.c:
source\lang\msgsvwin.c:
source\lang\msgua866.c:
source\lang\msguados.c:
source\lang\msguakoi.c:
source\lang\msguawin.c:
source\lang\msgzhb5.c:
source\lang\msgzhgb.c:
source\lang\msg_tpl.c:
TLIB 4.5 Copyright (c) 1987, 1999 Inprise Corporation
lib\b32\lang.lib &
+ obj\b32\msgbgmik.obj &
+ obj\b32\msgbgwin.obj &
+ obj\b32\msgby866.obj &
+ obj\b32\msgbywin.obj &
+ obj\b32\msgca.obj &
+ obj\b32\msgcs852.obj &
+ obj\b32\msgcsiso.obj &
+ obj\b32\msgcskam.obj &
+ obj\b32\msgcswin.obj &
+ obj\b32\msgde.obj &
+ obj\b32\msgdewin.obj &
+ obj\b32\msgen.obj &
+ obj\b32\msgeo.obj &
+ obj\b32\msges.obj &
+ obj\b32\msgeswin.obj &
+ obj\b32\msgeu.obj &
+ obj\b32\msgfr.obj &
+ obj\b32\msggl.obj &
+ obj\b32\msghe862.obj &
+ obj\b32\msghewin.obj &
+ obj\b32\msghr1250.obj &
+ obj\b32\msghr437.obj &
+ obj\b32\msghr852.obj &
+ obj\b32\msghriso.obj &
+ obj\b32\msghu852.obj &
+ obj\b32\msghucwi.obj &
+ obj\b32\msghuwin.obj &
+ obj\b32\msgid.obj &
+ obj\b32\msgis850.obj &
+ obj\b32\msgit.obj &
+ obj\b32\msgko.obj &
+ obj\b32\msgltwin.obj &
+ obj\b32\msgnl.obj &
+ obj\b32\msgpl852.obj &
+ obj\b32\msgpliso.obj &
+ obj\b32\msgplmaz.obj &
+ obj\b32\msgplwin.obj &
+ obj\b32\msgpt.obj &
+ obj\b32\msgro.obj &
+ obj\b32\msgru866.obj &
+ obj\b32\msgrukoi.obj &
+ obj\b32\msgruwin.obj &
+ obj\b32\msgsl852.obj &
+ obj\b32\msgsliso.obj &
+ obj\b32\msgslwin.obj &
+ obj\b32\msgsr852.obj &
+ obj\b32\msgsriso.obj &
+ obj\b32\msgsrwin.obj &
+ obj\b32\msgsv.obj &
+ obj\b32\msgsvwin.obj &
+ obj\b32\msgua866.obj &
+ obj\b32\msguados.obj &
+ obj\b32\msguakoi.obj &
+ obj\b32\msguawin.obj &
+ obj\b32\msgzhb5.obj &
+ obj\b32\msgzhgb.obj &
+ obj\b32\msg_tpl.obj &
+
source\rdd\nulsys\nulsys.c:
TLIB 4.5 Copyright (c) 1987, 1999 Inprise Corporation
lib\b32\nulsys.lib &
+ obj\b32\nulsys.obj &
+
source\codepage\cpbg866.c:
source\codepage\cpbgiso.c:
source\codepage\cpbgmik.c:
source\codepage\cpbgwin.c:
source\codepage\cpcs852.c:
source\codepage\cpcsiso.c:
source\codepage\cpcskam.c:
source\codepage\cpcswin.c:
source\codepage\cpde850.c:
source\codepage\cpdeiso.c:
source\codepage\cpdewin.c:
source\codepage\cpel737.c:
source\codepage\cpelwin.c:
source\codepage\cpes850.c:
source\codepage\cpes850c.c:
source\codepage\cpesiso.c:
source\codepage\cpesisoc.c:
source\codepage\cpeswin.c:
source\codepage\cpeswinc.c:
source\codepage\cpeswinm.c:
source\codepage\cpfr850.c:
source\codepage\cpfriso.c:
source\codepage\cpfrwin.c:
source\codepage\cphr437.c:
source\codepage\cphr852.c:
source\codepage\cphrwin.c:
source\codepage\cphu852.c:
source\codepage\cphu852s.c:
source\codepage\cphuiso.c:
source\codepage\cphuisos.c:
source\codepage\cphuwin.c:
source\codepage\cphuwins.c:
source\codepage\cpit437.c:
source\codepage\cpit850.c:
source\codepage\cpitisb.c:
source\codepage\cpitiso.c:
source\codepage\cpitwin.c:
source\codepage\cpltwin.c:
source\codepage\cppl852.c:
source\codepage\cppliso.c:
source\codepage\cpplmaz.c:
source\codepage\cpplwin.c:
source\codepage\cppt850.c:
source\codepage\cpptiso.c:
source\codepage\cpro852.c:
source\codepage\cproiso.c:
source\codepage\cprowin.c:
source\codepage\cpru866.c:
source\codepage\cpruiso.c:
source\codepage\cprukoi.c:
source\codepage\cpruwin.c:
source\codepage\cpsk852.c:
source\codepage\cpskiso.c:
source\codepage\cpskkam.c:
source\codepage\cpskwin.c:
source\codepage\cpsl437.c:
source\codepage\cpsl852.c:
source\codepage\cpsliso.c:
source\codepage\cpslwin.c:
source\codepage\cpsrwin.c:
source\codepage\cpsv850.c:
source\codepage\cpsvclip.c:
source\codepage\cpsviso.c:
source\codepage\cpsvwin.c:
source\codepage\cptr857.c:
source\codepage\cptrwin.c:
source\codepage\cpua1125.c:
source\codepage\cpua866.c:
source\codepage\cpuakoi.c:
source\codepage\cpuawin.c:
source\codepage\uc1125.c:
source\codepage\uc1250.c:
source\codepage\uc1251.c:
source\codepage\uc1252.c:
source\codepage\uc1253.c:
source\codepage\uc1254.c:
source\codepage\uc1255.c:
source\codepage\uc1256.c:
source\codepage\uc1257.c:
source\codepage\uc1258.c:
source\codepage\uc737.c:
source\codepage\uc775.c:
source\codepage\uc850.c:
source\codepage\uc852.c:
source\codepage\uc855.c:
source\codepage\uc857.c:
source\codepage\uc860.c:
source\codepage\uc861.c:
source\codepage\uc862.c:
source\codepage\uc863.c:
source\codepage\uc864.c:
source\codepage\uc865.c:
source\codepage\uc866.c:
source\codepage\uc869.c:
source\codepage\uc874.c:
source\codepage\uc8859_1.c:
source\codepage\uc88591b.c:
source\codepage\uc8859_2.c:
source\codepage\uc8859_3.c:
source\codepage\uc8859_4.c:
source\codepage\uc8859_5.c:
source\codepage\uc8859_6.c:
source\codepage\uc8859_7.c:
source\codepage\uc8859_8.c:
source\codepage\uc8859_9.c:
source\codepage\uc885910.c:
source\codepage\uc885911.c:
source\codepage\uc885913.c:
source\codepage\uc885914.c:
source\codepage\uc885915.c:
source\codepage\uc885916.c:
source\codepage\uckam.c:
source\codepage\uckoi8.c:
source\codepage\uckoi8u.c:
source\codepage\ucmaz.c:
source\codepage\ucmik.c:
source\codepage\uc037.c:
source\codepage\uc1006.c:
source\codepage\uc1026.c:
source\codepage\uc424.c:
source\codepage\uc500.c:
source\codepage\uc856.c:
source\codepage\uc875.c:
source\codepage\ucascii.c:
source\codepage\ucatari.c:
source\codepage\ucmacce.c:
source\codepage\ucmaccyr.c:
source\codepage\ucmacgrk.c:
source\codepage\ucmacice.c:
source\codepage\ucmacrom.c:
source\codepage\ucmactrk.c:
source\codepage\ucnext.c:
TLIB 4.5 Copyright (c) 1987, 1999 Inprise Corporation
lib\b32\codepage.lib &
+ obj\b32\cpbg866.obj &
+ obj\b32\cpbgiso.obj &
+ obj\b32\cpbgmik.obj &
+ obj\b32\cpbgwin.obj &
+ obj\b32\cpcs852.obj &
+ obj\b32\cpcsiso.obj &
+ obj\b32\cpcskam.obj &
+ obj\b32\cpcswin.obj &
+ obj\b32\cpde850.obj &
+ obj\b32\cpdeiso.obj &
+ obj\b32\cpdewin.obj &
+ obj\b32\cpel737.obj &
+ obj\b32\cpelwin.obj &
+ obj\b32\cpes850.obj &
+ obj\b32\cpes850c.obj &
+ obj\b32\cpesiso.obj &
+ obj\b32\cpesisoc.obj &
+ obj\b32\cpeswin.obj &
+ obj\b32\cpeswinc.obj &
+ obj\b32\cpeswinm.obj &
+ obj\b32\cpfr850.obj &
+ obj\b32\cpfriso.obj &
+ obj\b32\cpfrwin.obj &
+ obj\b32\cphr437.obj &
+ obj\b32\cphr852.obj &
+ obj\b32\cphrwin.obj &
+ obj\b32\cphu852.obj &
+ obj\b32\cphu852s.obj &
+ obj\b32\cphuiso.obj &
+ obj\b32\cphuisos.obj &
+ obj\b32\cphuwin.obj &
+ obj\b32\cphuwins.obj &
+ obj\b32\cpit437.obj &
+ obj\b32\cpit850.obj &
+ obj\b32\cpitisb.obj &
+ obj\b32\cpitiso.obj &
+ obj\b32\cpitwin.obj &
+ obj\b32\cpltwin.obj &
+ obj\b32\cppl852.obj &
+ obj\b32\cppliso.obj &
+ obj\b32\cpplmaz.obj &
+ obj\b32\cpplwin.obj &
+ obj\b32\cppt850.obj &
+ obj\b32\cpptiso.obj &
+ obj\b32\cpro852.obj &
+ obj\b32\cproiso.obj &
+ obj\b32\cprowin.obj &
+ obj\b32\cpru866.obj &
+ obj\b32\cpruiso.obj &
+ obj\b32\cprukoi.obj &
+ obj\b32\cpruwin.obj &
+ obj\b32\cpsk852.obj &
+ obj\b32\cpskiso.obj &
+ obj\b32\cpskkam.obj &
+ obj\b32\cpskwin.obj &
+ obj\b32\cpsl437.obj &
+ obj\b32\cpsl852.obj &
+ obj\b32\cpsliso.obj &
+ obj\b32\cpslwin.obj &
+ obj\b32\cpsrwin.obj &
+ obj\b32\cpsv850.obj &
+ obj\b32\cpsvclip.obj &
+ obj\b32\cpsviso.obj &
+ obj\b32\cpsvwin.obj &
+ obj\b32\cptr857.obj &
+ obj\b32\cptrwin.obj &
+ obj\b32\cpua1125.obj &
+ obj\b32\cpua866.obj &
+ obj\b32\cpuakoi.obj &
+ obj\b32\cpuawin.obj &
+ obj\b32\uc1125.obj &
+ obj\b32\uc1250.obj &
+ obj\b32\uc1251.obj &
+ obj\b32\uc1252.obj &
+ obj\b32\uc1253.obj &
+ obj\b32\uc1254.obj &
+ obj\b32\uc1255.obj &
+ obj\b32\uc1256.obj &
+ obj\b32\uc1257.obj &
+ obj\b32\uc1258.obj &
+ obj\b32\uc737.obj &
+ obj\b32\uc775.obj &
+ obj\b32\uc850.obj &
+ obj\b32\uc852.obj &
+ obj\b32\uc855.obj &
+ obj\b32\uc857.obj &
+ obj\b32\uc860.obj &
+ obj\b32\uc861.obj &
+ obj\b32\uc862.obj &
+ obj\b32\uc863.obj &
+ obj\b32\uc864.obj &
+ obj\b32\uc865.obj &
+ obj\b32\uc866.obj &
+ obj\b32\uc869.obj &
+ obj\b32\uc874.obj &
+ obj\b32\uc8859_1.obj &
+ obj\b32\uc88591b.obj &
+ obj\b32\uc8859_2.obj &
+ obj\b32\uc8859_3.obj &
+ obj\b32\uc8859_4.obj &
+ obj\b32\uc8859_5.obj &
+ obj\b32\uc8859_6.obj &
+ obj\b32\uc8859_7.obj &
+ obj\b32\uc8859_8.obj &
+ obj\b32\uc8859_9.obj &
+ obj\b32\uc885910.obj &
+ obj\b32\uc885911.obj &
+ obj\b32\uc885913.obj &
+ obj\b32\uc885914.obj &
+ obj\b32\uc885915.obj &
+ obj\b32\uc885916.obj &
+ obj\b32\uckam.obj &
+ obj\b32\uckoi8.obj &
+ obj\b32\uckoi8u.obj &
+ obj\b32\ucmaz.obj &
+ obj\b32\ucmik.obj &
+ obj\b32\uc037.obj &
+ obj\b32\uc1006.obj &
+ obj\b32\uc1026.obj &
+ obj\b32\uc424.obj &
+ obj\b32\uc500.obj &
+ obj\b32\uc856.obj &
+ obj\b32\uc875.obj &
+ obj\b32\ucascii.obj &
+ obj\b32\ucatari.obj &
+ obj\b32\ucmacce.obj &
+ obj\b32\ucmaccyr.obj &
+ obj\b32\ucmacgrk.obj &
+ obj\b32\ucmacice.obj &
+ obj\b32\ucmacrom.obj &
+ obj\b32\ucmactrk.obj &
+ obj\b32\ucnext.obj &
+
source\rtl\zlib\adler32.c:
source\rtl\zlib\compress.c:
source\rtl\zlib\crc32.c:
source\rtl\zlib\deflate.c:
source\rtl\zlib\gzread.c:
source\rtl\zlib\gzclose.c:
source\rtl\zlib\gzlib.c:
source\rtl\zlib\gzwrite.c:
source\rtl\zlib\infback.c:
source\rtl\zlib\inffast.c:
source\rtl\zlib\inflate.c:
source\rtl\zlib\inftrees.c:
source\rtl\zlib\trees.c:
source\rtl\zlib\uncompr.c:
source\rtl\zlib\zutil.c:
TLIB 4.5 Copyright (c) 1987, 1999 Inprise Corporation
lib\b32\zlib.lib &
+ obj\b32\adler32.obj &
+ obj\b32\compress.obj &
+ obj\b32\crc32.obj &
+ obj\b32\deflate.obj &
+ obj\b32\gzread.obj &
+ obj\b32\gzclose.obj &
+ obj\b32\gzlib.obj &
+ obj\b32\gzwrite.obj &
+ obj\b32\infback.obj &
+ obj\b32\inffast.obj &
+ obj\b32\inflate.obj &
+ obj\b32\inftrees.obj &
+ obj\b32\trees.obj &
+ obj\b32\uncompr.obj &
+ obj\b32\zutil.obj &
+
source\vm\maindlle.c:
TLIB 4.5 Copyright (c) 1987, 1999 Inprise Corporation
lib\b32\dllmain.lib &
+ obj\b32\maindlle.obj &
+
source\vm\usedll.c:
TLIB 4.5 Copyright (c) 1987, 1999 Inprise Corporation
lib\b32\use_dll.lib &
+ obj\b32\mainstd.obj &
+ obj\b32\mainwin.obj &
+ obj\b32\usedll.obj &
+
source\odbc\odbc.c:
obj\b32\todbc.c:
TLIB 4.5 Copyright (c) 1987, 1999 Inprise Corporation
lib\b32\hbodbc.lib &
+ obj\b32\odbc.obj &
+ obj\b32\todbc.obj &
+
contrib\misc\hb_f.c:
obj\b32\twirlerHBMISC.c:
obj\b32\numtxthuHBMISC.c:
obj\b32\numtxtenHBMISC.c:
obj\b32\nconvertHBMISC.c:
obj\b32\stringpHBMISC.c:
obj\b32\filereadHBMISC.c:
contrib\misc\environ.c:
contrib\misc\gauge.c:
contrib\misc\num.c:
contrib\misc\date.c:
contrib\misc\time.c:
contrib\misc\stack.c:
contrib\misc\status.c:
contrib\misc\strfmt.c:
contrib\misc\mathx.c:
contrib\misc\stringsx.c:
TLIB 4.5 Copyright (c) 1987, 1999 Inprise Corporation
lib\b32\libmisc.lib &
+ obj\b32\hb_fHBMISC.obj &
+ obj\b32\twirlerHBMISC.obj &
+ obj\b32\numtxthuhbmisc.obj &
+ obj\b32\numtxtenHBMISC.obj &
+ obj\b32\nconvertHBMISC.obj &
+ obj\b32\stringpHBMISC.obj &
+ obj\b32\filereadHBMISC.obj &
+ obj\b32\environHBMISC.obj &
+ obj\b32\gaugeHBMISC.obj &
+ obj\b32\numHBMISC.obj &
+ obj\b32\dateHBMISC.obj &
+ obj\b32\timeHBMISC.obj &
+ obj\b32\stackHBMISC.obj &
+ obj\b32\statusHBMISC.obj &
+ obj\b32\strfmtHBMISC.obj &
+ obj\b32\mathxHBMISC.obj &
+ obj\b32\stringsxHBMISC.obj &
+
obj\b32\CGILIB_hjwindow.c:
obj\b32\CGILIB_hterrsys.c:
obj\b32\CGILIB_htjlist.c:
obj\b32\CGILIB_htmutil.c:
obj\b32\CGILIB_tcgi.c:
obj\b32\CGILIB_tedit.c:
obj\b32\CGILIB_tfile.c:
obj\b32\CGILIB_tframe.c:
obj\b32\CGILIB_thtm.c:
TLIB 4.5 Copyright (c) 1987, 1999 Inprise Corporation
lib\b32\hbcgi.lib &
+ obj\b32\CGILIB_hjwindow.obj &
+ obj\b32\CGILIB_hterrsys.obj &
+ obj\b32\cgilib_htjlist.obj &
+ obj\b32\CGILIB_htmutil.obj &
+ obj\b32\CGILIB_tcgi.obj &
+ obj\b32\CGILIB_tedit.obj &
+ obj\b32\CGILIB_tfile.obj &
+ obj\b32\CGILIB_tframe.obj &
+ obj\b32\CGILIB_thtm.obj &
+
contrib\jpeg\jaricom.c:
contrib\jpeg\jcapimin.c:
contrib\jpeg\jcapistd.c:
contrib\jpeg\jcarith.c:
contrib\jpeg\jctrans.c:
contrib\jpeg\jcparam.c:
contrib\jpeg\jdatadst.c:
contrib\jpeg\jcinit.c:
contrib\jpeg\jmemansi.c:
contrib\jpeg\jcmaster.c:
contrib\jpeg\jcmarker.c:
contrib\jpeg\jcmainct.c:
contrib\jpeg\jcprepct.c:
contrib\jpeg\jccoefct.c:
contrib\jpeg\jccolor.c:
contrib\jpeg\jcsample.c:
contrib\jpeg\jchuff.c:
contrib\jpeg\jcdctmgr.c:
contrib\jpeg\jfdctfst.c:
contrib\jpeg\jfdctflt.c:
contrib\jpeg\jfdctint.c:
contrib\jpeg\jdapimin.c:
contrib\jpeg\jdapistd.c:
contrib\jpeg\jdtrans.c:
contrib\jpeg\jdatasrc.c:
contrib\jpeg\jdmaster.c:
contrib\jpeg\jdinput.c:
contrib\jpeg\jdmarker.c:
contrib\jpeg\jdhuff.c:
contrib\jpeg\jdmainct.c:
contrib\jpeg\jdcoefct.c:
contrib\jpeg\jdpostct.c:
contrib\jpeg\jddctmgr.c:
contrib\jpeg\jidctfst.c:
contrib\jpeg\jidctflt.c:
contrib\jpeg\jidctint.c:
contrib\jpeg\jdsample.c:
contrib\jpeg\jdcolor.c:
contrib\jpeg\jquant1.c:
contrib\jpeg\jquant2.c:
contrib\jpeg\jdmerge.c:
contrib\jpeg\jcomapi.c:
contrib\jpeg\jutils.c:
contrib\jpeg\jerror.c:
contrib\jpeg\jmemmgr.c:
contrib\jpeg\jdarith.c:
contrib\jpeg\cdjpeg.c:
contrib\jpeg\rdcolmap.c:
contrib\jpeg\wrbmp.c:
contrib\jpeg\wrgif.c:
contrib\jpeg\wrppm.c:
contrib\jpeg\wrtarga.c:
TLIB 4.5 Copyright (c) 1987, 1999 Inprise Corporation
lib\b32\jpeg.lib &
+ obj\b32\jaricom.obj &
+ obj\b32\jcapimin.obj &
+ obj\b32\jcapistd.obj &
+ obj\b32\jcarith.obj &
+ obj\b32\jctrans.obj &
+ obj\b32\jcparam.obj &
+ obj\b32\jdatadst.obj &
+ obj\b32\jcinit.obj &
+ obj\b32\jmemansi.obj &
+ obj\b32\jcmaster.obj &
+ obj\b32\jcmarker.obj &
+ obj\b32\jcmainct.obj &
+ obj\b32\jcprepct.obj &
+ obj\b32\jccoefct.obj &
+ obj\b32\jccolor.obj &
+ obj\b32\jcsample.obj &
+ obj\b32\jchuff.obj &
+ obj\b32\jcdctmgr.obj &
+ obj\b32\jfdctfst.obj &
+ obj\b32\jfdctflt.obj &
+ obj\b32\jfdctint.obj &
+ obj\b32\jdapimin.obj &
+ obj\b32\jdapistd.obj &
+ obj\b32\jdtrans.obj &
+ obj\b32\jdatasrc.obj &
+ obj\b32\jdmaster.obj &
+ obj\b32\jdinput.obj &
+ obj\b32\jdmarker.obj &
+ obj\b32\jdhuff.obj &
+ obj\b32\jdmainct.obj &
+ obj\b32\jdcoefct.obj &
+ obj\b32\jdpostct.obj &
+ obj\b32\jddctmgr.obj &
+ obj\b32\jidctfst.obj &
+ obj\b32\jidctflt.obj &
+ obj\b32\jidctint.obj &
+ obj\b32\jdsample.obj &
+ obj\b32\jdcolor.obj &
+ obj\b32\jquant1.obj &
+ obj\b32\jquant2.obj &
+ obj\b32\jdmerge.obj &
+ obj\b32\jcomapi.obj &
+ obj\b32\jutils.obj &
+ obj\b32\jerror.obj &
+ obj\b32\jmemmgr.obj &
+ obj\b32\jdarith.obj &
+ obj\b32\cdjpeg.obj &
+ obj\b32\rdcolmap.obj &
+ obj\b32\wrbmp.obj &
+ obj\b32\wrgif.obj &
+ obj\b32\wrppm.obj &
+ obj\b32\wrtarga.obj &
+
contrib\tiff\tif_aux.c:
contrib\tiff\tif_close.c:
contrib\tiff\tif_codec.c:
contrib\tiff\tif_color.c:
contrib\tiff\tif_compress.c:
contrib\tiff\tif_dir.c:
contrib\tiff\tif_dirinfo.c:
contrib\tiff\tif_dirread.c:
contrib\tiff\tif_dirwrite.c:
contrib\tiff\tif_dumpmode.c:
contrib\tiff\tif_error.c:
contrib\tiff\tif_extension.c:
contrib\tiff\tif_fax3.c:
contrib\tiff\tif_fax3sm.c:
contrib\tiff\tif_flush.c:
contrib\tiff\tif_getimage.c:
contrib\tiff\tif_jbig.c:
contrib\tiff\tif_jpeg.c:
contrib\tiff\tif_jpeg_12.c:
contrib\tiff\tif_luv.c:
contrib\tiff\tif_lzma.c:
contrib\tiff\tif_lzw.c:
contrib\tiff\tif_next.c:
contrib\tiff\tif_ojpeg.c:
contrib\tiff\tif_open.c:
contrib\tiff\tif_packbits.c:
contrib\tiff\tif_pixarlog.c:
contrib\tiff\tif_predict.c:
contrib\tiff\tif_print.c:
contrib\tiff\tif_read.c:
contrib\tiff\tif_strip.c:
contrib\tiff\tif_swab.c:
contrib\tiff\tif_thunder.c:
contrib\tiff\tif_tile.c:
contrib\tiff\tif_version.c:
contrib\tiff\tif_warning.c:
contrib\tiff\tif_win32.c:
contrib\tiff\tif_write.c:
contrib\tiff\tif_zip.c:
TLIB 4.5 Copyright (c) 1987, 1999 Inprise Corporation
lib\b32\tiff.lib &
+ obj\b32\tif_aux.obj &
+ obj\b32\tif_close.obj &
+ obj\b32\tif_codec.obj &
+ obj\b32\tif_color.obj &
+ obj\b32\tif_compress.obj &
+ obj\b32\tif_dir.obj &
+ obj\b32\tif_dirinfo.obj &
+ obj\b32\tif_dirread.obj &
+ obj\b32\tif_dirwrite.obj &
+ obj\b32\tif_dumpmode.obj &
+ obj\b32\tif_error.obj &
+ obj\b32\tif_extension.obj &
+ obj\b32\tif_fax3.obj &
+ obj\b32\tif_fax3sm.obj &
+ obj\b32\tif_flush.obj &
+ obj\b32\tif_getimage.obj &
+ obj\b32\tif_jbig.obj &
+ obj\b32\tif_jpeg.obj &
+ obj\b32\tif_jpeg_12.obj &
+ obj\b32\tif_luv.obj &
+ obj\b32\tif_lzma.obj &
+ obj\b32\tif_lzw.obj &
+ obj\b32\tif_next.obj &
+ obj\b32\tif_ojpeg.obj &
+ obj\b32\tif_open.obj &
+ obj\b32\tif_packbits.obj &
+ obj\b32\tif_pixarlog.obj &
+ obj\b32\tif_predict.obj &
+ obj\b32\tif_print.obj &
+ obj\b32\tif_read.obj &
+ obj\b32\tif_strip.obj &
+ obj\b32\tif_swab.obj &
+ obj\b32\tif_thunder.obj &
+ obj\b32\tif_tile.obj &
+ obj\b32\tif_version.obj &
+ obj\b32\tif_warning.obj &
+ obj\b32\tif_win32.obj &
+ obj\b32\tif_write.obj &
+ obj\b32\tif_zip.obj &
+
obj\b32\pdf1.c:
contrib\pdflite\hbpdflib.c:
contrib\pdflite\font\ft_cid.c:
contrib\pdflite\font\ft_corefont.c:
contrib\pdflite\font\ft_font.c:
contrib\pdflite\font\ft_truetype.c:
contrib\pdflite\font\ft_type1.c:
contrib\pdflite\pdcore\pc_chartabs.c:
contrib\pdflite\pdcore\pc_contain.c:
contrib\pdflite\pdcore\pc_core.c:
contrib\pdflite\pdcore\pc_ctype.c:
contrib\pdflite\pdcore\pc_digsig.c:
contrib\pdflite\pdcore\pc_encoding.c:
contrib\pdflite\pdcore\pc_file.c:
contrib\pdflite\pdcore\pc_geom.c:
contrib\pdflite\pdcore\pc_md5.c:
contrib\pdflite\pdcore\pc_optparse.c:
contrib\pdflite\pdcore\pc_output.c:
contrib\pdflite\pdcore\pc_resource.c:
contrib\pdflite\pdcore\pc_string.c:
contrib\pdflite\pdcore\pc_unicode.c:
contrib\pdflite\pdcore\pc_util.c:
contrib\pdflite\pdflib\pdflib.c:
contrib\pdflite\pdflib\p_actions.c:
contrib\pdflite\pdflib\p_afm.c:
contrib\pdflite\pdflib\p_annots.c:
contrib\pdflite\pdflib\p_bmp.c:
contrib\pdflite\pdflib\p_ccitt.c:
contrib\pdflite\pdflib\p_cid.c:
contrib\pdflite\pdflib\p_color.c:
contrib\pdflite\pdflib\p_document.c:
contrib\pdflite\pdflib\p_draw.c:
contrib\pdflite\pdflib\p_encoding.c:
contrib\pdflite\pdflib\p_filter.c:
contrib\pdflite\pdflib\p_font.c:
contrib\pdflite\pdflib\p_gif.c:
contrib\pdflite\pdflib\p_gstate.c:
contrib\pdflite\pdflib\p_hyper.c:
contrib\pdflite\pdflib\p_image.c:
contrib\pdflite\pdflib\p_jpeg.c:
contrib\pdflite\pdflib\p_jpx.c:
contrib\pdflite\pdflib\p_mbox.c:
contrib\pdflite\pdflib\p_object.c:
contrib\pdflite\pdflib\p_page.c:
contrib\pdflite\pdflib\p_params.c:
contrib\pdflite\pdflib\p_pattern.c:
contrib\pdflite\pdflib\p_pfm.c:
contrib\pdflite\pdflib\p_png.c:
contrib\pdflite\pdflib\p_shading.c:
contrib\pdflite\pdflib\p_template.c:
contrib\pdflite\pdflib\p_text.c:
contrib\pdflite\pdflib\p_tiff.c:
contrib\pdflite\pdflib\p_truetype.c:
contrib\pdflite\pdflib\p_type1.c:
contrib\pdflite\pdflib\p_type3.c:
contrib\pdflite\pdflib\p_util.c:
contrib\pdflite\pdflib\p_xgstate.c:
contrib\pdflite\tiff\tif_auxx.c:
contrib\pdflite\tiff\tif_close.c:
contrib\pdflite\tiff\tif_codec.c:
contrib\pdflite\tiff\tif_color.c:
contrib\pdflite\tiff\tif_compress.c:
contrib\pdflite\tiff\tif_dir.c:
contrib\pdflite\tiff\tif_dirinfo.c:
contrib\pdflite\tiff\tif_dirread.c:
contrib\pdflite\tiff\tif_dirwrite.c:
contrib\pdflite\tiff\tif_dumpmode.c:
contrib\pdflite\tiff\tif_error.c:
contrib\pdflite\tiff\tif_extension.c:
contrib\pdflite\tiff\tif_fax3.c:
contrib\pdflite\tiff\tif_fax3sm.c:
contrib\pdflite\tiff\tif_flush.c:
contrib\pdflite\tiff\tif_getimage.c:
contrib\pdflite\tiff\tif_jpeg.c:
contrib\pdflite\tiff\tif_luv.c:
contrib\pdflite\tiff\tif_lzw.c:
contrib\pdflite\tiff\tif_next.c:
contrib\pdflite\tiff\tif_ojpeg.c:
contrib\pdflite\tiff\tif_open.c:
contrib\pdflite\tiff\tif_packbits.c:
contrib\pdflite\tiff\tif_pixarlog.c:
contrib\pdflite\tiff\tif_predict.c:
contrib\pdflite\tiff\tif_print.c:
contrib\pdflite\tiff\tif_read.c:
contrib\pdflite\tiff\tif_strip.c:
contrib\pdflite\tiff\tif_swab.c:
contrib\pdflite\tiff\tif_thunder.c:
contrib\pdflite\tiff\tif_tile.c:
contrib\pdflite\tiff\tif_version.c:
contrib\pdflite\tiff\tif_warning.c:
contrib\pdflite\tiff\tif_unix.c:
contrib\pdflite\tiff\tif_write.c:
contrib\pdflite\tiff\tif_zip.c:
TLIB 4.5 Copyright (c) 1987, 1999 Inprise Corporation
lib\b32\pdflite.lib &
+ obj\b32\pdf1.obj &
+ obj\b32\hbpdflib.obj &
+ obj\b32\ft_cid.obj &
+ obj\b32\ft_corefont.obj &
+ obj\b32\ft_font.obj &
+ obj\b32\ft_truetype.obj &
+ obj\b32\ft_type1.obj &
+ obj\b32\pc_chartabs.obj &
+ obj\b32\pc_contain.obj &
+ obj\b32\pc_core.obj &
+ obj\b32\pc_ctype.obj &
+ obj\b32\pc_digsig.obj &
+ obj\b32\pc_encoding.obj &
+ obj\b32\pc_file.obj &
+ obj\b32\pc_geom.obj &
+ obj\b32\pc_md5.obj &
+ obj\b32\pc_optparse.obj &
+ obj\b32\pc_output.obj &
+ obj\b32\pc_resource.obj &
+ obj\b32\pc_string.obj &
+ obj\b32\pc_unicode.obj &
+ obj\b32\pc_util.obj &
+ obj\b32\pdflib_core.obj &
+ obj\b32\p_actions.obj &
+ obj\b32\p_afm.obj &
+ obj\b32\p_annots.obj &
+ obj\b32\p_bmp.obj &
+ obj\b32\p_ccitt.obj &
+ obj\b32\p_cid.obj &
+ obj\b32\p_color.obj &
+ obj\b32\p_document.obj &
+ obj\b32\p_draw.obj &
+ obj\b32\p_encoding.obj &
+ obj\b32\p_filter.obj &
+ obj\b32\p_font.obj &
+ obj\b32\p_gif.obj &
+ obj\b32\p_gstate.obj &
+ obj\b32\p_hyper.obj &
+ obj\b32\p_image.obj &
+ obj\b32\p_jpeg.obj &
+ obj\b32\p_jpx.obj &
+ obj\b32\p_mbox.obj &
+ obj\b32\p_object.obj &
+ obj\b32\p_page.obj &
+ obj\b32\p_params.obj &
+ obj\b32\p_pattern.obj &
+ obj\b32\p_pfm.obj &
+ obj\b32\p_png.obj &
+ obj\b32\p_shading.obj &
+ obj\b32\p_template.obj &
+ obj\b32\p_text.obj &
+ obj\b32\p_tiff.obj &
+ obj\b32\p_truetype.obj &
+ obj\b32\p_type1.obj &
+ obj\b32\p_type3.obj &
+ obj\b32\p_util.obj &
+ obj\b32\p_xgstate.obj &
+ obj\b32\tif_auxx_PDFLITE.obj &
+ obj\b32\tif_close_PDFLITE.obj &
+ obj\b32\tif_codec_PDFLITE.obj &
+ obj\b32\tif_color_PDFLITE.obj &
+ obj\b32\tif_compress_PDFLITE.obj &
+ obj\b32\tif_dir_PDFLITE.obj &
+ obj\b32\tif_dirinfo_PDFLITE.obj &
+ obj\b32\tif_dirread_PDFLITE.obj &
+ obj\b32\tif_dirwrite_PDFLITE.obj &
+ obj\b32\tif_dumpmode_PDFLITE.obj &
+ obj\b32\tif_error_PDFLITE.obj &
+ obj\b32\tif_extension_PDFLITE.obj &
+ obj\b32\tif_fax3_PDFLITE.obj &
+ obj\b32\tif_fax3sm_PDFLITE.obj &
+ obj\b32\tif_flush_PDFLITE.obj &
+ obj\b32\tif_getimage_PDFLITE.obj &
+ obj\b32\tif_jpeg_PDFLITE.obj &
+ obj\b32\tif_luv_PDFLITE.obj &
+ obj\b32\tif_lzw_PDFLITE.obj &
+ obj\b32\tif_next_PDFLITE.obj &
+ obj\b32\tif_ojpeg_PDFLITE.obj &
+ obj\b32\tif_open_PDFLITE.obj &
+ obj\b32\tif_packbits_PDFLITE.obj &
+ obj\b32\tif_pixarlog_PDFLITE.obj &
+ obj\b32\tif_predict_PDFLITE.obj &
+ obj\b32\tif_print_PDFLITE.obj &
+ obj\b32\tif_read_PDFLITE.obj &
+ obj\b32\tif_strip_PDFLITE.obj &
+ obj\b32\tif_swab_PDFLITE.obj &
+ obj\b32\tif_thunder_PDFLITE.obj &
+ obj\b32\tif_tile_PDFLITE.obj &
+ obj\b32\tif_version_PDFLITE.obj &
+ obj\b32\tif_warning_PDFLITE.obj &
+ obj\b32\tif_unix_PDFLITE.obj &
+ obj\b32\tif_write_PDFLITE.obj &
+ obj\b32\tif_zip_PDFLITE.obj &
+
contrib\png\png.c:
contrib\png\pngerror.c:
contrib\png\pngget.c:
contrib\png\pngmem.c:
contrib\png\pngpread.c:
contrib\png\pngread.c:
contrib\png\pngrio.c:
contrib\png\pngrtran.c:
contrib\png\pngrutil.c:
contrib\png\pngset.c:
contrib\png\pngtrans.c:
contrib\png\pngwio.c:
contrib\png\pngwrite.c:
contrib\png\pngwtran.c:
contrib\png\pngwutil.c:
TLIB 4.5 Copyright (c) 1987, 1999 Inprise Corporation
lib\b32\png.lib &
+ obj\b32\png.obj &
+ obj\b32\pngerror.obj &
+ obj\b32\pngget.obj &
+ obj\b32\pngmem.obj &
+ obj\b32\pngpread.obj &
+ obj\b32\pngread.obj &
+ obj\b32\pngrio.obj &
+ obj\b32\pngrtran.obj &
+ obj\b32\pngrutil.obj &
+ obj\b32\pngset.obj &
+ obj\b32\pngtrans.obj &
+ obj\b32\pngwio.obj &
+ obj\b32\pngwrite.obj &
+ obj\b32\pngwtran.obj &
+ obj\b32\pngwutil.obj &
+
utils\hbpp\hbpp.c:
utils\hbpp\hbppcalc.c:
utils\hbpp\hbppcomp.c:
utils\hbpp\hbppcore.c:
utils\hbpp\hbpptbl.c:
utils\hbpp\pragma.c:
Turbo Incremental Link 5.00 Copyright (c) 1997, 2000 Borland
obj\b32\hbdoc.c:
obj\b32\genasc.c:
obj\b32\teeasc.c:
obj\b32\genhpc.c:
obj\b32\genhtm.c:
obj\b32\genchm.c:
obj\b32\genng.c:
obj\b32\genos2.c:
obj\b32\genrtf.c:
obj\b32\gentrf.c:
obj\b32\html.c:
obj\b32\ng.c:
obj\b32\os2.c:
obj\b32\rtf.c:
obj\b32\troff.c:
obj\b32\fclass1.c:
obj\b32\ffile1.c:
obj\b32\ft_funcs.c:
obj\b32\genpdf1.c:
utils\hbdoc\pdfhbdoc.c:
Turbo Incremental Link 5.00 Copyright (c) 1997, 2000 Borland
obj\b32\hbmake.c:
obj\b32\tmake.c:
obj\b32\hbmutils.c:
obj\b32\checks.c:
obj\b32\pickarry.c:
obj\b32\pickfile.c:
obj\b32\prb_stak.c:
obj\b32\radios.c:
utils\hbmake\hbmlang.c:
Turbo Incremental Link 5.00 Copyright (c) 1997, 2000 Borland
obj\b32\xbscript.c:
Turbo Incremental Link 5.00 Copyright (c) 1997, 2000 Borland
obj\b32\hbtest.c:
obj\b32\rt_hvm.c:
obj\b32\rt_hvma.c:
obj\b32\rt_math.c:
obj\b32\rt_date.c:
obj\b32\rt_str.c:
obj\b32\rt_stra.c:
obj\b32\rt_trans.c:
obj\b32\rt_array.c:
obj\b32\rt_file.c:
obj\b32\rt_misc.c:
obj\b32\rt_ccall.c:
Turbo Incremental Link 5.00 Copyright (c) 1997, 2000 Borland
obj\b32\hbrun.c:
obj\b32\external.c:
Turbo Incremental Link 5.00 Copyright (c) 1997, 2000 Borland
obj\b32\hbdict.c:
Turbo Incremental Link 5.00 Copyright (c) 1997, 2000 Borland
obj\b32\hbextern.c:
Turbo Incremental Link 5.00 Copyright (c) 1997, 2000 Borland
obj\b32\hbformat.c:
utils\hbformat\fileread.c:
obj\b32\hbfmtcls.c:
Turbo Incremental Link 5.00 Copyright (c) 1997, 2000 Borland
MAKE Version 5.2  Copyright (c) 1987, 2000 Borland
source\vm\hvmall.c:
source\vm\inet.c:
obj\b32\errlogmtmt.c:
obj\b32\lognetmtmt.c:
obj\b32\trpcvmmtmt.c:
source\rtl\bkgtsks.c:
TLIB 4.5 Copyright (c) 1987, 1999 Inprise Corporation
lib\b32\vmmt.lib &
+ obj\b32\hvmallmt.obj &
+ obj\b32\cmdarg.obj &
+ obj\b32\dbgentry.obj &
+ obj\b32\hbi18n.obj &
+ obj\b32\inetmt.obj &
+ obj\b32\break.obj &
+ obj\b32\initsymb.obj &
+ obj\b32\memvclip.obj &
+ obj\b32\runner.obj &
+ obj\b32\throw.obj &
+ obj\b32\harbinit.obj &
+ obj\b32\errlogmtmt.obj &
+ obj\b32\lognetmtmt.obj &
+ obj\b32\trpcvmmtmt.obj &
+ obj\b32\bkgtsksmt.obj &
+ obj\b32\maindll.obj &
+ obj\b32\mainstd.obj &
+ obj\b32\mainwin.obj &
+
Turbo Incremental Link 5.00 Copyright (c) 1997, 2000 Borland
Turbo Incremental Link 5.00 Copyright (c) 1997, 2000 Borland
