----------------------------- xHarbour Error Log ------------------------------

Date...............: 08/22/13
Time...............: 22:00:56

Application name...: C:\fh4\3\sao.exe
Workstation name...: LOJA-PC
Available memory...: 983324
Current disk.......: C
Current directory..: fh4\3
Free disk space....: 25384443904

Operating system...: Windows Windows Vista Professional 6.01.7601 Service Pack 1
xHarbour version...: xHarbour build 1.0.0 Intl. (SimpLex)
xHarbour built on..: Nov  8 2007 09:23:44
C/C++ compiler.....: Borland C++ 5.5.1
Multi Threading....: NO
VM Optimization....: 0

Current Area ......:1

-------------------------- Environmental Information --------------------------

SET ALTERNATE......: OFF
SET ALTFILE........: 
SET AUTOPEN........: ON
SET AUTORDER.......: 0
SET AUTOSHARE......: 0
SET BACKGROUNDTASKS: OFF
SET BACKGROUNDTICK.: 1000
SET BELL...........: OFF
SET BLINK..........: .T.
SET CANCEL.........: ON
SET CENTURY........: OFF
SET COLOR..........: GR+/N,N/W*,B/W*,R/W*,BR/W*,BG/B,G+/B,B/G
SET CONFIRM........: OFF
SET CONSOLE........: ON
SET COUNT..........: 0
SET CURSOR.........: 0
SET DATE FORMAT....: MM/DD/YY
SET DBFLOCKSCHEME..: 0
SET DEBUG..........: OFF
SET DECIMALS.......: 2
SET DEFAULT........: .\DATA\
SET DELETED........: ON
SET DELIMCHARS.....: ::
SET DELIMETERS.....: OFF
SET DEVICE.........: SCREEN
SET DIRCASE........: 0
SET DIRSEPARATOR...: \
SET EOL............: 13
SET EPOCH..........: 1900
SET ERRORLOG.......: ERROR.LOG,.F.
SET ERRORLOOP......: 8
SET ESCAPE.........: ON
SET EVENTMASK......: 255
SET EXACT..........: OFF
SET EXCLUSIVE......: ON
SET EXIT...........: OFF
SET EXTRA..........: OFF
SET EXTRAFILE......: 
SET FILECASE.......: 0
SET FIXED..........: OFF
SET FORCEOPT.......: OFF
SET GTMODE.........: 1
SET HARDCOMMIT.....: ON
SET IDLEREPEAT.....: ON
SET INSERT.........: OFF
SET INTENSITY......: ON
SET LANGUAGE.......: RU866
SET MARGIN.........: 0
SET MBLOCKSIZE.....: 0
SET MCENTER........: OFF
SET MESSAGE........: 0
SET MFILEEXT.......: 
SET OPTIMIZE.......: ON
SET OUTPUTSAFETY...: ON
SET PATH...........: 
SET PRINTER........: OFF
SET PRINTERJOB.....: 
SET PRINTFILE......: PRN
SET SCOREBOARD.....: OFF
SET SCROLLBREAK....: ON
SET SOFTSEEK.......: OFF
SET STRICTREAD.....: OFF
SET TRACE..........: ON
SET TRACEFILE......: TRACE.LOG
SET TRACESTACK.....: 2
SET TRIMFILENAME...: .F.
SET TYPEAHEAD......: 50
SET UNIQUE.........: OFF
SET VIDEOMODE......: 0
SET WRAP...........: OFF

--------------------------Detailed Work Area Items---------------------------


------------------- Internal Error Handling Information  --------------------

Subsystem Call ....: BASE
System Code .......: 1003
Default Status ....: .F.
Description .......: Переменная не существует
Operation .........: _CTITLE
Arguments .........: 
Involved File .....: 
Dos Error Code ....: 0

 Trace Through:
----------------
EXIT$                 :      56 in Module: DEMO_GTWVT.PRG
MAIN                  :      73 in Module: DEMO_GTWVT.PRG


############################# Video Screen Dump #############################

+------------------------------------------------------------------------------+
|                                                                              |
|                                                                              |
|Error BASE/1003  Переменная не существует: _CTITLE                            |
|                                                                              |
|Error at ...: EXIT$(56) in Module: DEMO_GTWVT.PRG                             |
|Called from : MAIN(73) in Module: DEMO_GTWVT.PRG                              |
|                                                                              |
|                                                                              |
|                                                                              |
|                                                                              |
|                                                                              |
|                                                                              |
|                                                                              |
|                                                                              |
|                                                                              |
|                                                                              |
|                                                                              |
|                                                                              |
|                                                                              |
|                                                                              |
|                                                                              |
|                                                                              |
|                                                                              |
|                                                                              |
+------------------------------------------------------------------------------+


