----------------------------- xHarbour Error Log ------------------------------

Date...............: 09/27/13
Time...............: 21:55:51

Application name...: C:\fh4\1\sao.exe
Workstation name...: LOJA-PC
Available memory...: 1011872
Current disk.......: C
Current directory..: fh4\1
Free disk space....: 29426524160

Operating system...: Windows 7 Professional 6.01.7601 Service Pack 1
xHarbour version...: xHarbour build 1.2.1 Intl. (SimpLex) (Rev. 6714)
xHarbour built on..: May 27 2010 07:27:21
C/C++ compiler.....: Borland C++ 5.8.2 (32 bit)
Multi Threading....: NO
VM Optimization....: 2

Current Area ......:1

-------------------------- Environmental Information --------------------------

SET ALTERNATE......: OFF
SET ALTFILE........: 
SET AUTOPEN........: ON
SET AUTORDER.......: 0
SET AUTOSHARE......: 0
SET BACKGROUNDTASKS: OFF
SET BACKGROUNDTICK.: 1000
SET BELL...........: OFF
SET BLINK..........: .T.
SET CANCEL.........: ON
SET CENTURY........: OFF
SET COLOR..........: W/N,N/W,N/N,N/N,N/W
SET CONFIRM........: OFF
SET CONSOLE........: ON
SET COUNT..........: 0
SET CURSOR.........: 1
SET DATE FORMAT....: MM/DD/YY
SET DBFLOCKSCHEME..: 0
SET DEBUG..........: OFF
SET DECIMALS.......: 2
SET DEFAULT........: 
SET DEFEXTENSIONS..: ON
SET DELETED........: OFF
SET DELIMCHARS.....: ::
SET DELIMETERS.....: OFF
SET DEVICE.........: SCREEN
SET DIRCASE........: 0
SET DIRSEPARATOR...: \
SET EOL............: 13
SET EPOCH..........: 1900
SET ERRORLOG.......: ERROR.LOG,.F.
SET ERRORLOOP......: 8
SET ESCAPE.........: ON
SET EVENTMASK......: 128
SET EXACT..........: OFF
SET EXCLUSIVE......: ON
SET EXIT...........: OFF
SET EXTRA..........: OFF
SET EXTRAFILE......: 
SET FILECASE.......: 0
SET FIXED..........: OFF
SET FORCEOPT.......: OFF
SET HARDCOMMIT.....: ON
SET IDLEREPEAT.....: ON
SET INSERT.........: OFF
SET INTENSITY......: ON
SET LANGUAGE.......: EN
SET MARGIN.........: 0
SET MBLOCKSIZE.....: 0
SET MCENTER........: OFF
SET MESSAGE........: 0
SET MFILEEXT.......: 
SET OPTIMIZE.......: ON
SET OUTPUTSAFETY...: ON
SET PATH...........: 
SET PRINTER........: OFF
SET PRINTERJOB.....: 
SET PRINTFILE......: PRN
SET SCOREBOARD.....: ON
SET SCROLLBREAK....: ON
SET SOFTSEEK.......: OFF
SET STRICTREAD.....: OFF
SET TRACE..........: ON
SET TRACEFILE......: TRACE.LOG
SET TRACESTACK.....: 2
SET TRIMFILENAME...: .F.
SET TYPEAHEAD......: 50
SET UNIQUE.........: OFF
SET VIDEOMODE......: 0
SET WRAP...........: OFF

---------------------------Detailed Work Area Items----------------------------


-------------------- Internal Error Handling Information  ---------------------

Subsystem Call ....: DBFNTX
System Code .......: 1001
Default Status ....: .T.
Description .......: Open error
Operation .........: 
Arguments .........: 
Involved File .....: Labels.dbf
Dos Error Code ....: 2

 Trace Through:
----------------
DBUSEAREA             :       0 in Module: 
MAIN                  :       5 in Module: 2.PRG


############################## Video Screen Dump ##############################

+--------------------------------------------------------------------------------+
|                                                                                |
|Error DBFNTX/1001  Open error: Labels.dbf (DOS Error 2)                         |
|                                                                                |
|Error at ...: DBUSEAREA(0) in Module:                                           |
|Called from : MAIN(5) in Module: 2.PRG                                          |
|                                                                                |
|                                                                                |
|                                                                                |
|                                                                                |
|                                                                                |
|                                                                                |
|                                                                                |
|                                                                                |
|                                                                                |
|                                                                                |
|                                                                                |
|                                                                                |
|                                                                                |
|                                                                                |
|                                                                                |
|                                                                                |
|                                                                                |
|                                                                                |
|                                                                                |
|                                                                                |
|                                                                                |
|                                                                                |
|                                                                                |
|                                                                                |
|                                                                                |
|                                                                                |
|                                                                                |
|                                                                                |
|                                                                                |
|                                                                                |
|                                                                                |
|                                                                                |
|                                                                                |
|                                                                                |
|                                                                                |
|                                                                                |
|                                                                                |
|                                                                                |
|                                                                                |
|                                                                                |
|                                                                                |
|                                                                                |
|                                                                                |
|                                                                                |
|                                                                                |
|                                                                                |
|                                                                                |
|                                                                                |
|                                                                                |
|                                                                                |
|                                                                                |
|                                                                                |
|                                                                                |
|                                                                                |
|                                                                                |
|                                                                                |
|                                                                                |
|                                                                                |
|                                                                                |
|                                                                                |
|                                                                                |
|                                                                                |
|                                                                                |
|                                                                                |
|                                                                                |
|                                                                                |
|                                                                                |
|                                                                                |
|                                                                                |
|                                                                                |
|                                                                                |
|                                                                                |
|                                                                                |
|                                                                                |
|                                                                                |
|                                                                                |
|                                                                                |
|                                                                                |
|                                                                                |
|                                                                                |
|                                                                                |
|                                                                                |
|                                                                                |
|                                                                                |
|                                                                                |
|                                                                                |
|                                                                                |
|                                                                                |
|                                                                                |
|                                                                                |
|                                                                                |
|                                                                                |
|                                                                                |
|                                                                                |
|                                                                                |
|                                                                                |
|                                                                                |
|                                                                                |
|                                                                                |
|                                                                                |
|                                                                                |
|                                                                                |
|                                                                                |
|                                                                                |
|                                                                                |
|                                                                                |
|                                                                                |
|                                                                                |
|                                                                                |
|                                                                                |
|                                                                                |
|                                                                                |
|                                                                                |
|                                                                                |
|                                                                                |
|                                                                                |
|                                                                                |
|                                                                                |
|                                                                                |
|                                                                                |
|                                                                                |
|                                                                                |
|                                                                                |
|                                                                                |
|                                                                                |
|                                                                                |
|                                                                                |
|                                                                                |
|                                                                                |
|                                                                                |
|                                                                                |
|                                                                                |
|                                                                                |
|                                                                                |
|                                                                                |
|                                                                                |
|                                                                                |
|                                                                                |
|                                                                                |
|                                                                                |
|                                                                                |
|                                                                                |
|                                                                                |
|                                                                                |
|                                                                                |
|                                                                                |
|                                                                                |
|                                                                                |
|                                                                                |
|                                                                                |
|                                                                                |
|                                                                                |
|                                                                                |
|                                                                                |
|                                                                                |
|                                                                                |
|                                                                                |
|                                                                                |
|                                                                                |
|                                                                                |
|                                                                                |
|                                                                                |
|                                                                                |
|                                                                                |
|                                                                                |
|                                                                                |
|                                                                                |
|                                                                                |
|                                                                                |
|                                                                                |
|                                                                                |
|                                                                                |
|                                                                                |
|                                                                                |
|                                                                                |
|                                                                                |
|                                                                                |
|                                                                                |
|                                                                                |
|                                                                                |
|                                                                                |
|                                                                                |
|                                                                                |
|                                                                                |
|                                                                                |
|                                                                                |
|                                                                                |
|                                                                                |
|                                                                                |
|                                                                                |
|                                                                                |
|                                                                                |
|                                                                                |
|                                                                                |
|                                                                                |
|                                                                                |
|                                                                                |
|                                                                                |
|                                                                                |
|                                                                                |
|                                                                                |
|                                                                                |
|                                                                                |
|                                                                                |
|                                                                                |
|                                                                                |
|                                                                                |
|                                                                                |
|                                                                                |
|                                                                                |
|                                                                                |
|                                                                                |
|                                                                                |
|                                                                                |
|                                                                                |
|                                                                                |
|                                                                                |
|                                                                                |
|                                                                                |
|                                                                                |
|                                                                                |
|                                                                                |
|                                                                                |
|                                                                                |
|                                                                                |
|                                                                                |
|                                                                                |
|                                                                                |
|                                                                                |
|                                                                                |
|                                                                                |
|                                                                                |
|                                                                                |
|                                                                                |
|                                                                                |
|                                                                                |
|                                                                                |
|                                                                                |
|                                                                                |
|                                                                                |
|                                                                                |
|                                                                                |
|                                                                                |
|                                                                                |
|                                                                                |
|                                                                                |
|                                                                                |
|                                                                                |
|                                                                                |
|                                                                                |
|                                                                                |
|                                                                                |
|                                                                                |
|                                                                                |
|                                                                                |
|                                                                                |
|                                                                                |
|                                                                                |
|                                                                                |
|                                                                                |
|                                                                                |
|                                                                                |
|                                                                                |
|                                                                                |
|                                                                                |
|                                                                                |
|                                                                                |
|                                                                                |
|                                                                                |
|                                                                                |
|                                                                                |
|                                                                                |
|                                                                                |
|                                                                                |
|                                                                                |
|                                                                                |
|                                                                                |
|                                                                                |
|                                                                                |
|                                                                                |
|                                                                                |
|                                                                                |
|                                                                                |
|                                                                                |
|                                                                                |
|                                                                                |
|                                                                                |
|                                                                                |
|                                                                                |
|                                                                                |
|                                                                                |
|                                                                                |
|                                                                                |
|                                                                                |
|                                                                                |
+--------------------------------------------------------------------------------+


